{"/home/rafael/Documentos/Projetos/Driven/drivent-api/src/app.ts": {"path":"/home/rafael/Documentos/Projetos/Driven/drivent-api/src/app.ts","statementMap":{"0":{"start":{"line":1,"column":0},"end":{"line":1,"column":26}},"1":{"start":{"line":2,"column":0},"end":{"line":2,"column":30}},"2":{"start":{"line":3,"column":0},"end":{"line":3,"column":43}},"3":{"start":{"line":4,"column":0},"end":{"line":4,"column":24}},"4":{"start":{"line":6,"column":0},"end":{"line":6,"column":60}},"5":{"start":{"line":8,"column":0},"end":{"line":8,"column":10}},"6":{"start":{"line":10,"column":0},"end":{"line":10,"column":56}},"7":{"start":{"line":11,"column":0},"end":{"line":11,"column":null}},"8":{"start":{"line":22,"column":12},"end":{"line":22,"column":21}},"9":{"start":{"line":23,"column":0},"end":{"line":35,"column":32}},"10":{"start":{"line":26,"column":33},"end":{"line":26,"column":48}},"11":{"start":{"line":38,"column":2},"end":{"line":38,"column":14}},"12":{"start":{"line":39,"column":2},"end":{"line":39,"column":30}},"13":{"start":{"line":37,"column":0},"end":{"line":37,"column":16}},"14":{"start":{"line":43,"column":2},"end":{"line":43,"column":23}},"15":{"start":{"line":42,"column":0},"end":{"line":42,"column":7}},"16":{"start":{"line":46,"column":0},"end":{"line":46,"column":19}}},"fnMap":{"0":{"name":"(anonymous_1)","decl":{"start":{"line":26,"column":18},"end":{"line":26,"column":19}},"loc":{"start":{"line":26,"column":33},"end":{"line":26,"column":48}}},"1":{"name":"init","decl":{"start":{"line":37,"column":16},"end":{"line":37,"column":20}},"loc":{"start":{"line":37,"column":20},"end":{"line":40,"column":1}}},"2":{"name":"close","decl":{"start":{"line":42,"column":22},"end":{"line":42,"column":27}},"loc":{"start":{"line":42,"column":27},"end":{"line":44,"column":1}}}},"branchMap":{},"s":{"0":10,"1":10,"2":10,"3":10,"4":10,"5":10,"6":10,"7":10,"8":10,"9":10,"10":1,"11":10,"12":10,"13":10,"14":0,"15":10,"16":10},"f":{"0":1,"1":10,"2":0},"b":{}}
,"/home/rafael/Documentos/Projetos/Driven/drivent-api/src/config/database.ts": {"path":"/home/rafael/Documentos/Projetos/Driven/drivent-api/src/config/database.ts","statementMap":{"0":{"start":{"line":1,"column":0},"end":{"line":1,"column":46}},"1":{"start":{"line":5,"column":2},"end":{"line":5,"column":30}},"2":{"start":{"line":4,"column":0},"end":{"line":4,"column":16}},"3":{"start":{"line":9,"column":2},"end":{"line":9,"column":30}},"4":{"start":{"line":8,"column":0},"end":{"line":8,"column":7}}},"fnMap":{"0":{"name":"connectDb","decl":{"start":{"line":4,"column":16},"end":{"line":4,"column":25}},"loc":{"start":{"line":4,"column":25},"end":{"line":6,"column":1}}},"1":{"name":"disconnectDB","decl":{"start":{"line":8,"column":22},"end":{"line":8,"column":34}},"loc":{"start":{"line":8,"column":34},"end":{"line":10,"column":1}}}},"branchMap":{},"s":{"0":13,"1":10,"2":13,"3":0,"4":13},"f":{"0":10,"1":0},"b":{}}
,"/home/rafael/Documentos/Projetos/Driven/drivent-api/src/config/envs.ts": {"path":"/home/rafael/Documentos/Projetos/Driven/drivent-api/src/config/envs.ts","statementMap":{"0":{"start":{"line":1,"column":0},"end":{"line":1,"column":28}},"1":{"start":{"line":2,"column":0},"end":{"line":2,"column":41}},"2":{"start":{"line":6,"column":4},"end":{"line":10,"column":14}},"3":{"start":{"line":12,"column":22},"end":{"line":12,"column":45}},"4":{"start":{"line":13,"column":2},"end":{"line":13,"column":35}},"5":{"start":{"line":4,"column":0},"end":{"line":4,"column":16}}},"fnMap":{"0":{"name":"loadEnv","decl":{"start":{"line":4,"column":16},"end":{"line":4,"column":23}},"loc":{"start":{"line":4,"column":23},"end":{"line":14,"column":1}}}},"branchMap":{"0":{"loc":{"start":{"line":6,"column":4},"end":{"line":10,"column":14}},"type":"cond-expr","locations":[{"start":{"line":7,"column":8},"end":{"line":7,"column":19}},{"start":{"line":8,"column":8},"end":{"line":10,"column":14}}]},"1":{"loc":{"start":{"line":8,"column":8},"end":{"line":10,"column":14}},"type":"cond-expr","locations":[{"start":{"line":9,"column":8},"end":{"line":9,"column":26}},{"start":{"line":10,"column":8},"end":{"line":10,"column":14}}]}},"s":{"0":13,"1":13,"2":23,"3":23,"4":23,"5":13},"f":{"0":23},"b":{"0":[23,0],"1":[0,0]}}
,"/home/rafael/Documentos/Projetos/Driven/drivent-api/src/config/index.ts": {"path":"/home/rafael/Documentos/Projetos/Driven/drivent-api/src/config/index.ts","statementMap":{"0":{"start":{"line":1,"column":0},"end":{"line":1,"column":23}},"1":{"start":{"line":2,"column":0},"end":{"line":2,"column":27}}},"fnMap":{},"branchMap":{},"s":{"0":13,"1":13},"f":{},"b":{}}
,"/home/rafael/Documentos/Projetos/Driven/drivent-api/src/controllers/authentication-controller.ts": {"path":"/home/rafael/Documentos/Projetos/Driven/drivent-api/src/controllers/authentication-controller.ts","statementMap":{"0":{"start":{"line":2,"column":0},"end":{"line":2,"column":37}},"1":{"start":{"line":3,"column":0},"end":{"line":3,"column":88}},"2":{"start":{"line":6,"column":30},"end":{"line":6,"column":54}},"3":{"start":{"line":8,"column":2},"end":{"line":14,"column":null}},"4":{"start":{"line":9,"column":19},"end":{"line":9,"column":74}},"5":{"start":{"line":11,"column":4},"end":{"line":11,"column":50}},"6":{"start":{"line":13,"column":4},"end":{"line":13,"column":56}},"7":{"start":{"line":5,"column":0},"end":{"line":5,"column":7}}},"fnMap":{"0":{"name":"singInPost","decl":{"start":{"line":5,"column":22},"end":{"line":5,"column":32}},"loc":{"start":{"line":5,"column":60},"end":{"line":15,"column":1}}}},"branchMap":{},"s":{"0":10,"1":10,"2":5,"3":5,"4":5,"5":3,"6":2,"7":10},"f":{"0":5},"b":{}}
,"/home/rafael/Documentos/Projetos/Driven/drivent-api/src/controllers/bookings-controller.ts": {"path":"/home/rafael/Documentos/Projetos/Driven/drivent-api/src/controllers/bookings-controller.ts","statementMap":{"0":{"start":{"line":2,"column":0},"end":{"line":2,"column":37}},"1":{"start":{"line":3,"column":0},"end":{"line":3,"column":64}},"2":{"start":{"line":7,"column":21},"end":{"line":7,"column":24}},"3":{"start":{"line":9,"column":2},"end":{"line":17,"column":null}},"4":{"start":{"line":10,"column":20},"end":{"line":10,"column":59}},"5":{"start":{"line":11,"column":4},"end":{"line":14,"column":7}},"6":{"start":{"line":16,"column":4},"end":{"line":16,"column":12}},"7":{"start":{"line":6,"column":0},"end":{"line":6,"column":7}},"8":{"start":{"line":21,"column":21},"end":{"line":21,"column":24}},"9":{"start":{"line":22,"column":21},"end":{"line":22,"column":29}},"10":{"start":{"line":23,"column":2},"end":{"line":32,"column":null}},"11":{"start":{"line":24,"column":20},"end":{"line":24,"column":72}},"12":{"start":{"line":25,"column":24},"end":{"line":25,"column":68}},"13":{"start":{"line":26,"column":4},"end":{"line":26,"column":69}},"14":{"start":{"line":28,"column":4},"end":{"line":30,"column":null}},"15":{"start":{"line":29,"column":6},"end":{"line":29,"column":45}},"16":{"start":{"line":31,"column":4},"end":{"line":31,"column":12}},"17":{"start":{"line":20,"column":0},"end":{"line":20,"column":7}},"18":{"start":{"line":36,"column":2},"end":{"line":61,"column":null}},"19":{"start":{"line":37,"column":23},"end":{"line":37,"column":26}},"20":{"start":{"line":39,"column":22},"end":{"line":39,"column":50}},"21":{"start":{"line":41,"column":4},"end":{"line":43,"column":null}},"22":{"start":{"line":42,"column":6},"end":{"line":42,"column":52}},"23":{"start":{"line":45,"column":23},"end":{"line":45,"column":31}},"24":{"start":{"line":47,"column":4},"end":{"line":49,"column":null}},"25":{"start":{"line":48,"column":6},"end":{"line":48,"column":52}},"26":{"start":{"line":51,"column":20},"end":{"line":51,"column":86}},"27":{"start":{"line":53,"column":4},"end":{"line":55,"column":7}},"28":{"start":{"line":57,"column":4},"end":{"line":59,"column":null}},"29":{"start":{"line":58,"column":6},"end":{"line":58,"column":50}},"30":{"start":{"line":60,"column":4},"end":{"line":60,"column":48}},"31":{"start":{"line":35,"column":0},"end":{"line":35,"column":7}},"32":{"start":{"line":63,"column":38},"end":{"line":63,"column":35531}},"33":{"start":{"line":63,"column":42},"end":{"line":63,"column":35520}},"34":{"start":{"line":63,"column":35569},"end":{"line":63,"column":35609}},"35":{"start":{"line":63,"column":35573},"end":{"line":63,"column":35598}},"36":{"start":{"line":63,"column":35610},"end":{"line":63,"column":35619}},"37":{"start":{"line":63,"column":35620},"end":{"line":63,"column":35626}},"38":{"start":{"line":63,"column":35662},"end":{"line":63,"column":35704}},"39":{"start":{"line":63,"column":35666},"end":{"line":63,"column":35693}},"40":{"start":{"line":63,"column":35705},"end":{"line":63,"column":35714}},"41":{"start":{"line":63,"column":35715},"end":{"line":63,"column":35721}},"42":{"start":{"line":63,"column":35738},"end":{"line":63,"column":35775}},"43":{"start":{"line":63,"column":35742},"end":{"line":63,"column":35764}},"44":{"start":{"line":63,"column":35777},"end":{"line":63,"column":35783}},"45":{"start":{"line":63,"column":35800},"end":{"line":63,"column":35840}},"46":{"start":{"line":63,"column":35804},"end":{"line":63,"column":35829}},"47":{"start":{"line":63,"column":35842},"end":{"line":63,"column":35848}}},"fnMap":{"0":{"name":"getBooking","decl":{"start":{"line":6,"column":22},"end":{"line":6,"column":32}},"loc":{"start":{"line":6,"column":93},"end":{"line":18,"column":1}}},"1":{"name":"registerBooking","decl":{"start":{"line":20,"column":22},"end":{"line":20,"column":37}},"loc":{"start":{"line":20,"column":98},"end":{"line":33,"column":1}}},"2":{"name":"changeBooking","decl":{"start":{"line":35,"column":22},"end":{"line":35,"column":35}},"loc":{"start":{"line":35,"column":76},"end":{"line":62,"column":1}}},"3":{"name":"oo_cm","decl":{"start":{"line":63,"column":30},"end":{"line":63,"column":35}},"loc":{"start":{"line":63,"column":35},"end":{"line":63,"column":35532}}},"4":{"name":"oo_oo","decl":{"start":{"line":63,"column":35542},"end":{"line":63,"column":35547}},"loc":{"start":{"line":63,"column":35567},"end":{"line":63,"column":35619}}},"5":{"name":"oo_tr","decl":{"start":{"line":63,"column":35635},"end":{"line":63,"column":35640}},"loc":{"start":{"line":63,"column":35660},"end":{"line":63,"column":35714}}},"6":{"name":"oo_ts","decl":{"start":{"line":63,"column":35730},"end":{"line":63,"column":35735}},"loc":{"start":{"line":63,"column":35735},"end":{"line":63,"column":35776}}},"7":{"name":"oo_te","decl":{"start":{"line":63,"column":35792},"end":{"line":63,"column":35797}},"loc":{"start":{"line":63,"column":35797},"end":{"line":63,"column":35841}}}},"branchMap":{"0":{"loc":{"start":{"line":28,"column":4},"end":{"line":30,"column":null}},"type":"if","locations":[{"start":{"line":28,"column":4},"end":{"line":30,"column":null}}]},"1":{"loc":{"start":{"line":41,"column":4},"end":{"line":43,"column":null}},"type":"if","locations":[{"start":{"line":41,"column":4},"end":{"line":43,"column":null}}]},"2":{"loc":{"start":{"line":47,"column":4},"end":{"line":49,"column":null}},"type":"if","locations":[{"start":{"line":47,"column":4},"end":{"line":49,"column":null}}]},"3":{"loc":{"start":{"line":57,"column":4},"end":{"line":59,"column":null}},"type":"if","locations":[{"start":{"line":57,"column":4},"end":{"line":59,"column":null}}]},"4":{"loc":{"start":{"line":63,"column":49},"end":{"line":63,"column":35519}},"type":"binary-expr","locations":[{"start":{"line":63,"column":49},"end":{"line":63,"column":86}},{"start":{"line":63,"column":90},"end":{"line":63,"column":35519}}]}},"s":{"0":10,"1":10,"2":0,"3":0,"4":0,"5":0,"6":0,"7":10,"8":0,"9":0,"10":0,"11":0,"12":0,"13":0,"14":0,"15":0,"16":0,"17":10,"18":0,"19":0,"20":0,"21":0,"22":0,"23":0,"24":0,"25":0,"26":0,"27":0,"28":0,"29":0,"30":0,"31":10,"32":0,"33":0,"34":0,"35":0,"36":0,"37":10,"38":0,"39":0,"40":0,"41":10,"42":0,"43":0,"44":10,"45":0,"46":0,"47":10},"f":{"0":0,"1":0,"2":0,"3":0,"4":0,"5":0,"6":0,"7":0},"b":{"0":[0],"1":[0],"2":[0],"3":[0],"4":[0,0]}}
,"/home/rafael/Documentos/Projetos/Driven/drivent-api/src/controllers/enrollments-controller.ts": {"path":"/home/rafael/Documentos/Projetos/Driven/drivent-api/src/controllers/enrollments-controller.ts","statementMap":{"0":{"start":{"line":2,"column":0},"end":{"line":2,"column":37}},"1":{"start":{"line":4,"column":0},"end":{"line":4,"column":64}},"2":{"start":{"line":7,"column":21},"end":{"line":7,"column":24}},"3":{"start":{"line":9,"column":2},"end":{"line":15,"column":null}},"4":{"start":{"line":10,"column":34},"end":{"line":10,"column":92}},"5":{"start":{"line":12,"column":4},"end":{"line":12,"column":65}},"6":{"start":{"line":14,"column":4},"end":{"line":14,"column":49}},"7":{"start":{"line":6,"column":0},"end":{"line":6,"column":7}},"8":{"start":{"line":19,"column":2},"end":{"line":28,"column":null}},"9":{"start":{"line":20,"column":4},"end":{"line":23,"column":7}},"10":{"start":{"line":25,"column":4},"end":{"line":25,"column":41}},"11":{"start":{"line":27,"column":4},"end":{"line":27,"column":50}},"12":{"start":{"line":18,"column":0},"end":{"line":18,"column":7}},"13":{"start":{"line":32,"column":18},"end":{"line":32,"column":53}},"14":{"start":{"line":34,"column":2},"end":{"line":41,"column":null}},"15":{"start":{"line":35,"column":20},"end":{"line":35,"column":67}},"16":{"start":{"line":36,"column":4},"end":{"line":36,"column":44}},"17":{"start":{"line":38,"column":4},"end":{"line":40,"column":null}},"18":{"start":{"line":39,"column":6},"end":{"line":39,"column":45}},"19":{"start":{"line":31,"column":0},"end":{"line":31,"column":7}}},"fnMap":{"0":{"name":"getEnrollmentByUser","decl":{"start":{"line":6,"column":22},"end":{"line":6,"column":41}},"loc":{"start":{"line":6,"column":82},"end":{"line":16,"column":1}}},"1":{"name":"postCreateOrUpdateEnrollment","decl":{"start":{"line":18,"column":22},"end":{"line":18,"column":50}},"loc":{"start":{"line":18,"column":91},"end":{"line":29,"column":1}}},"2":{"name":"getAddressFromCEP","decl":{"start":{"line":31,"column":22},"end":{"line":31,"column":39}},"loc":{"start":{"line":31,"column":80},"end":{"line":42,"column":1}}}},"branchMap":{"0":{"loc":{"start":{"line":38,"column":4},"end":{"line":40,"column":null}},"type":"if","locations":[{"start":{"line":38,"column":4},"end":{"line":40,"column":null}}]}},"s":{"0":10,"1":10,"2":2,"3":2,"4":2,"5":1,"6":1,"7":10,"8":2,"9":2,"10":2,"11":0,"12":10,"13":2,"14":2,"15":2,"16":1,"17":1,"18":1,"19":10},"f":{"0":2,"1":2,"2":2},"b":{"0":[1]}}
,"/home/rafael/Documentos/Projetos/Driven/drivent-api/src/controllers/events-controller.ts": {"path":"/home/rafael/Documentos/Projetos/Driven/drivent-api/src/controllers/events-controller.ts","statementMap":{"0":{"start":{"line":2,"column":0},"end":{"line":2,"column":37}},"1":{"start":{"line":3,"column":0},"end":{"line":3,"column":54}},"2":{"start":{"line":6,"column":2},"end":{"line":11,"column":null}},"3":{"start":{"line":7,"column":18},"end":{"line":7,"column":53}},"4":{"start":{"line":8,"column":4},"end":{"line":8,"column":49}},"5":{"start":{"line":10,"column":4},"end":{"line":10,"column":53}},"6":{"start":{"line":5,"column":0},"end":{"line":5,"column":7}}},"fnMap":{"0":{"name":"getDefaultEvent","decl":{"start":{"line":5,"column":22},"end":{"line":5,"column":37}},"loc":{"start":{"line":5,"column":66},"end":{"line":12,"column":1}}}},"branchMap":{},"s":{"0":10,"1":10,"2":2,"3":2,"4":1,"5":1,"6":10},"f":{"0":2},"b":{}}
,"/home/rafael/Documentos/Projetos/Driven/drivent-api/src/controllers/hotels-controller.ts": {"path":"/home/rafael/Documentos/Projetos/Driven/drivent-api/src/controllers/hotels-controller.ts","statementMap":{"0":{"start":{"line":2,"column":0},"end":{"line":2,"column":37}},"1":{"start":{"line":4,"column":0},"end":{"line":4,"column":54}},"2":{"start":{"line":7,"column":2},"end":{"line":21,"column":null}},"3":{"start":{"line":8,"column":23},"end":{"line":8,"column":26}},"4":{"start":{"line":9,"column":19},"end":{"line":9,"column":64}},"5":{"start":{"line":11,"column":4},"end":{"line":13,"column":null}},"6":{"start":{"line":12,"column":6},"end":{"line":12,"column":59}},"7":{"start":{"line":15,"column":4},"end":{"line":15,"column":50}},"8":{"start":{"line":17,"column":4},"end":{"line":19,"column":null}},"9":{"start":{"line":18,"column":6},"end":{"line":18,"column":57}},"10":{"start":{"line":20,"column":4},"end":{"line":20,"column":48}},"11":{"start":{"line":6,"column":0},"end":{"line":6,"column":7}},"12":{"start":{"line":25,"column":2},"end":{"line":44,"column":null}},"13":{"start":{"line":26,"column":23},"end":{"line":26,"column":26}},"14":{"start":{"line":27,"column":24},"end":{"line":27,"column":34}},"15":{"start":{"line":29,"column":18},"end":{"line":29,"column":86}},"16":{"start":{"line":31,"column":4},"end":{"line":33,"column":null}},"17":{"start":{"line":32,"column":6},"end":{"line":32,"column":55}},"18":{"start":{"line":35,"column":4},"end":{"line":35,"column":49}},"19":{"start":{"line":37,"column":4},"end":{"line":39,"column":null}},"20":{"start":{"line":38,"column":6},"end":{"line":38,"column":50}},"21":{"start":{"line":40,"column":4},"end":{"line":42,"column":null}},"22":{"start":{"line":41,"column":6},"end":{"line":41,"column":57}},"23":{"start":{"line":43,"column":4},"end":{"line":43,"column":50}},"24":{"start":{"line":24,"column":0},"end":{"line":24,"column":7}}},"fnMap":{"0":{"name":"getHotelsByUserId","decl":{"start":{"line":6,"column":22},"end":{"line":6,"column":39}},"loc":{"start":{"line":6,"column":80},"end":{"line":22,"column":1}}},"1":{"name":"getRoomsOfHotel","decl":{"start":{"line":24,"column":22},"end":{"line":24,"column":37}},"loc":{"start":{"line":24,"column":78},"end":{"line":45,"column":1}}}},"branchMap":{"0":{"loc":{"start":{"line":11,"column":4},"end":{"line":13,"column":null}},"type":"if","locations":[{"start":{"line":11,"column":4},"end":{"line":13,"column":null}}]},"1":{"loc":{"start":{"line":17,"column":4},"end":{"line":19,"column":null}},"type":"if","locations":[{"start":{"line":17,"column":4},"end":{"line":19,"column":null}}]},"2":{"loc":{"start":{"line":31,"column":4},"end":{"line":33,"column":null}},"type":"if","locations":[{"start":{"line":31,"column":4},"end":{"line":33,"column":null}}]},"3":{"loc":{"start":{"line":37,"column":4},"end":{"line":39,"column":null}},"type":"if","locations":[{"start":{"line":37,"column":4},"end":{"line":39,"column":null}}]},"4":{"loc":{"start":{"line":40,"column":4},"end":{"line":42,"column":null}},"type":"if","locations":[{"start":{"line":40,"column":4},"end":{"line":42,"column":null}}]}},"s":{"0":10,"1":10,"2":4,"3":4,"4":4,"5":1,"6":0,"7":1,"8":3,"9":1,"10":2,"11":10,"12":5,"13":5,"14":5,"15":5,"16":2,"17":0,"18":2,"19":3,"20":2,"21":1,"22":1,"23":0,"24":10},"f":{"0":4,"1":5},"b":{"0":[0],"1":[1],"2":[0],"3":[2],"4":[1]}}
,"/home/rafael/Documentos/Projetos/Driven/drivent-api/src/controllers/index.ts": {"path":"/home/rafael/Documentos/Projetos/Driven/drivent-api/src/controllers/index.ts","statementMap":{"0":{"start":{"line":1,"column":0},"end":{"line":1,"column":35}},"1":{"start":{"line":2,"column":0},"end":{"line":2,"column":44}},"2":{"start":{"line":3,"column":0},"end":{"line":3,"column":36}},"3":{"start":{"line":4,"column":0},"end":{"line":4,"column":41}},"4":{"start":{"line":5,"column":0},"end":{"line":5,"column":37}},"5":{"start":{"line":6,"column":0},"end":{"line":6,"column":38}},"6":{"start":{"line":7,"column":0},"end":{"line":7,"column":36}}},"fnMap":{},"branchMap":{},"s":{"0":10,"1":10,"2":10,"3":10,"4":10,"5":10,"6":10},"f":{},"b":{}}
,"/home/rafael/Documentos/Projetos/Driven/drivent-api/src/controllers/payments-controller.ts": {"path":"/home/rafael/Documentos/Projetos/Driven/drivent-api/src/controllers/payments-controller.ts","statementMap":{"0":{"start":{"line":2,"column":0},"end":{"line":2,"column":37}},"1":{"start":{"line":4,"column":0},"end":{"line":4,"column":58}},"2":{"start":{"line":7,"column":2},"end":{"line":22,"column":null}},"3":{"start":{"line":8,"column":21},"end":{"line":8,"column":47}},"4":{"start":{"line":9,"column":23},"end":{"line":9,"column":26}},"5":{"start":{"line":11,"column":4},"end":{"line":11,"column":65}},"6":{"start":{"line":11,"column":19},"end":{"line":11,"column":65}},"7":{"start":{"line":13,"column":20},"end":{"line":13,"column":80}},"8":{"start":{"line":14,"column":4},"end":{"line":14,"column":62}},"9":{"start":{"line":14,"column":18},"end":{"line":14,"column":62}},"10":{"start":{"line":16,"column":4},"end":{"line":16,"column":51}},"11":{"start":{"line":18,"column":4},"end":{"line":20,"column":null}},"12":{"start":{"line":19,"column":6},"end":{"line":19,"column":53}},"13":{"start":{"line":21,"column":4},"end":{"line":21,"column":48}},"14":{"start":{"line":6,"column":0},"end":{"line":6,"column":7}},"15":{"start":{"line":26,"column":21},"end":{"line":26,"column":24}},"16":{"start":{"line":27,"column":33},"end":{"line":27,"column":41}},"17":{"start":{"line":29,"column":2},"end":{"line":41,"column":null}},"18":{"start":{"line":30,"column":4},"end":{"line":30,"column":78}},"19":{"start":{"line":30,"column":32},"end":{"line":30,"column":78}},"20":{"start":{"line":32,"column":20},"end":{"line":32,"column":84}},"21":{"start":{"line":33,"column":4},"end":{"line":33,"column":62}},"22":{"start":{"line":33,"column":18},"end":{"line":33,"column":62}},"23":{"start":{"line":35,"column":4},"end":{"line":35,"column":51}},"24":{"start":{"line":37,"column":4},"end":{"line":39,"column":null}},"25":{"start":{"line":38,"column":6},"end":{"line":38,"column":53}},"26":{"start":{"line":40,"column":4},"end":{"line":40,"column":48}},"27":{"start":{"line":25,"column":0},"end":{"line":25,"column":7}}},"fnMap":{"0":{"name":"getPaymentByTicketId","decl":{"start":{"line":6,"column":22},"end":{"line":6,"column":42}},"loc":{"start":{"line":6,"column":83},"end":{"line":23,"column":1}}},"1":{"name":"paymentProcess","decl":{"start":{"line":25,"column":22},"end":{"line":25,"column":36}},"loc":{"start":{"line":25,"column":77},"end":{"line":42,"column":1}}}},"branchMap":{"0":{"loc":{"start":{"line":11,"column":4},"end":{"line":11,"column":65}},"type":"if","locations":[{"start":{"line":11,"column":4},"end":{"line":11,"column":65}}]},"1":{"loc":{"start":{"line":14,"column":4},"end":{"line":14,"column":62}},"type":"if","locations":[{"start":{"line":14,"column":4},"end":{"line":14,"column":62}}]},"2":{"loc":{"start":{"line":18,"column":4},"end":{"line":20,"column":null}},"type":"if","locations":[{"start":{"line":18,"column":4},"end":{"line":20,"column":null}}]},"3":{"loc":{"start":{"line":30,"column":4},"end":{"line":30,"column":78}},"type":"if","locations":[{"start":{"line":30,"column":4},"end":{"line":30,"column":78}}]},"4":{"loc":{"start":{"line":30,"column":8},"end":{"line":30,"column":30}},"type":"binary-expr","locations":[{"start":{"line":30,"column":8},"end":{"line":30,"column":17}},{"start":{"line":30,"column":21},"end":{"line":30,"column":30}}]},"5":{"loc":{"start":{"line":33,"column":4},"end":{"line":33,"column":62}},"type":"if","locations":[{"start":{"line":33,"column":4},"end":{"line":33,"column":62}}]},"6":{"loc":{"start":{"line":37,"column":4},"end":{"line":39,"column":null}},"type":"if","locations":[{"start":{"line":37,"column":4},"end":{"line":39,"column":null}}]}},"s":{"0":10,"1":10,"2":4,"3":4,"4":4,"5":4,"6":1,"7":3,"8":1,"9":0,"10":1,"11":2,"12":1,"13":1,"14":10,"15":7,"16":7,"17":7,"18":7,"19":2,"20":5,"21":3,"22":0,"23":3,"24":2,"25":1,"26":1,"27":10},"f":{"0":4,"1":7},"b":{"0":[1],"1":[0],"2":[1],"3":[2],"4":[7,6],"5":[0],"6":[1]}}
,"/home/rafael/Documentos/Projetos/Driven/drivent-api/src/controllers/tickets-controller.ts": {"path":"/home/rafael/Documentos/Projetos/Driven/drivent-api/src/controllers/tickets-controller.ts","statementMap":{"0":{"start":{"line":2,"column":0},"end":{"line":2,"column":37}},"1":{"start":{"line":4,"column":0},"end":{"line":4,"column":55}},"2":{"start":{"line":8,"column":2},"end":{"line":13,"column":null}},"3":{"start":{"line":9,"column":24},"end":{"line":9,"column":59}},"4":{"start":{"line":10,"column":4},"end":{"line":10,"column":55}},"5":{"start":{"line":12,"column":4},"end":{"line":12,"column":12}},"6":{"start":{"line":7,"column":0},"end":{"line":7,"column":7}},"7":{"start":{"line":17,"column":21},"end":{"line":17,"column":24}},"8":{"start":{"line":19,"column":2},"end":{"line":24,"column":null}},"9":{"start":{"line":20,"column":19},"end":{"line":20,"column":64}},"10":{"start":{"line":21,"column":4},"end":{"line":21,"column":50}},"11":{"start":{"line":23,"column":4},"end":{"line":23,"column":12}},"12":{"start":{"line":16,"column":0},"end":{"line":16,"column":7}},"13":{"start":{"line":28,"column":21},"end":{"line":28,"column":24}},"14":{"start":{"line":29,"column":27},"end":{"line":29,"column":54}},"15":{"start":{"line":31,"column":2},"end":{"line":36,"column":null}},"16":{"start":{"line":32,"column":19},"end":{"line":32,"column":73}},"17":{"start":{"line":33,"column":4},"end":{"line":33,"column":55}},"18":{"start":{"line":35,"column":4},"end":{"line":35,"column":12}},"19":{"start":{"line":27,"column":0},"end":{"line":27,"column":7}}},"fnMap":{"0":{"name":"getTicketTypes","decl":{"start":{"line":7,"column":22},"end":{"line":7,"column":36}},"loc":{"start":{"line":7,"column":97},"end":{"line":14,"column":1}}},"1":{"name":"getTickets","decl":{"start":{"line":16,"column":22},"end":{"line":16,"column":32}},"loc":{"start":{"line":16,"column":93},"end":{"line":25,"column":1}}},"2":{"name":"createTicket","decl":{"start":{"line":27,"column":22},"end":{"line":27,"column":34}},"loc":{"start":{"line":27,"column":95},"end":{"line":37,"column":1}}}},"branchMap":{},"s":{"0":10,"1":10,"2":2,"3":2,"4":2,"5":0,"6":10,"7":3,"8":3,"9":3,"10":1,"11":2,"12":10,"13":3,"14":3,"15":3,"16":3,"17":2,"18":1,"19":10},"f":{"0":2,"1":3,"2":3},"b":{}}
,"/home/rafael/Documentos/Projetos/Driven/drivent-api/src/controllers/users-controller.ts": {"path":"/home/rafael/Documentos/Projetos/Driven/drivent-api/src/controllers/users-controller.ts","statementMap":{"0":{"start":{"line":2,"column":0},"end":{"line":2,"column":37}},"1":{"start":{"line":3,"column":0},"end":{"line":3,"column":51}},"2":{"start":{"line":6,"column":30},"end":{"line":6,"column":38}},"3":{"start":{"line":8,"column":2},"end":{"line":19,"column":null}},"4":{"start":{"line":9,"column":17},"end":{"line":9,"column":66}},"5":{"start":{"line":10,"column":4},"end":{"line":13,"column":7}},"6":{"start":{"line":15,"column":4},"end":{"line":17,"column":null}},"7":{"start":{"line":16,"column":6},"end":{"line":16,"column":57}},"8":{"start":{"line":18,"column":4},"end":{"line":18,"column":58}},"9":{"start":{"line":5,"column":0},"end":{"line":5,"column":7}}},"fnMap":{"0":{"name":"usersPost","decl":{"start":{"line":5,"column":22},"end":{"line":5,"column":31}},"loc":{"start":{"line":5,"column":59},"end":{"line":20,"column":1}}}},"branchMap":{"0":{"loc":{"start":{"line":15,"column":4},"end":{"line":17,"column":null}},"type":"if","locations":[{"start":{"line":15,"column":4},"end":{"line":17,"column":null}}]}},"s":{"0":10,"1":10,"2":6,"3":6,"4":6,"5":3,"6":3,"7":1,"8":2,"9":10},"f":{"0":6},"b":{"0":[1]}}
,"/home/rafael/Documentos/Projetos/Driven/drivent-api/src/errors/cannot-booking-error.ts": {"path":"/home/rafael/Documentos/Projetos/Driven/drivent-api/src/errors/cannot-booking-error.ts","statementMap":{"0":{"start":{"line":4,"column":2},"end":{"line":7,"column":4}},"1":{"start":{"line":3,"column":0},"end":{"line":3,"column":16}}},"fnMap":{"0":{"name":"cannotBookingError","decl":{"start":{"line":3,"column":16},"end":{"line":3,"column":34}},"loc":{"start":{"line":3,"column":34},"end":{"line":8,"column":1}}}},"branchMap":{},"s":{"0":0,"1":10},"f":{"0":0},"b":{}}
,"/home/rafael/Documentos/Projetos/Driven/drivent-api/src/errors/cannot-enroll-before-start-date-error.ts": {"path":"/home/rafael/Documentos/Projetos/Driven/drivent-api/src/errors/cannot-enroll-before-start-date-error.ts","statementMap":{"0":{"start":{"line":4,"column":2},"end":{"line":7,"column":4}},"1":{"start":{"line":3,"column":0},"end":{"line":3,"column":16}}},"fnMap":{"0":{"name":"cannotEnrollBeforeStartDateError","decl":{"start":{"line":3,"column":16},"end":{"line":3,"column":48}},"loc":{"start":{"line":3,"column":48},"end":{"line":8,"column":1}}}},"branchMap":{},"s":{"0":2,"1":10},"f":{"0":2},"b":{}}
,"/home/rafael/Documentos/Projetos/Driven/drivent-api/src/errors/conflict-error.ts": {"path":"/home/rafael/Documentos/Projetos/Driven/drivent-api/src/errors/conflict-error.ts","statementMap":{"0":{"start":{"line":4,"column":2},"end":{"line":7,"column":4}},"1":{"start":{"line":3,"column":0},"end":{"line":3,"column":16}}},"fnMap":{"0":{"name":"conflictError","decl":{"start":{"line":3,"column":16},"end":{"line":3,"column":29}},"loc":{"start":{"line":3,"column":45},"end":{"line":8,"column":1}}}},"branchMap":{},"s":{"0":0,"1":10},"f":{"0":0},"b":{}}
,"/home/rafael/Documentos/Projetos/Driven/drivent-api/src/errors/index.ts": {"path":"/home/rafael/Documentos/Projetos/Driven/drivent-api/src/errors/index.ts","statementMap":{"0":{"start":{"line":1,"column":0},"end":{"line":1,"column":56}},"1":{"start":{"line":2,"column":0},"end":{"line":2,"column":33}},"2":{"start":{"line":3,"column":0},"end":{"line":3,"column":37}},"3":{"start":{"line":4,"column":0},"end":{"line":4,"column":38}},"4":{"start":{"line":5,"column":0},"end":{"line":5,"column":34}},"5":{"start":{"line":6,"column":0},"end":{"line":6,"column":37}},"6":{"start":{"line":7,"column":0},"end":{"line":7,"column":32}},"7":{"start":{"line":8,"column":0},"end":{"line":8,"column":39}},"8":{"start":{"line":9,"column":0},"end":{"line":9,"column":39}}},"fnMap":{},"branchMap":{},"s":{"0":10,"1":10,"2":10,"3":10,"4":10,"5":10,"6":10,"7":10,"8":10},"f":{},"b":{}}
,"/home/rafael/Documentos/Projetos/Driven/drivent-api/src/errors/invalid-data-error.ts": {"path":"/home/rafael/Documentos/Projetos/Driven/drivent-api/src/errors/invalid-data-error.ts","statementMap":{"0":{"start":{"line":4,"column":2},"end":{"line":8,"column":4}},"1":{"start":{"line":3,"column":0},"end":{"line":3,"column":16}}},"fnMap":{"0":{"name":"invalidDataError","decl":{"start":{"line":3,"column":16},"end":{"line":3,"column":32}},"loc":{"start":{"line":3,"column":50},"end":{"line":9,"column":1}}}},"branchMap":{},"s":{"0":8,"1":10},"f":{"0":8},"b":{}}
,"/home/rafael/Documentos/Projetos/Driven/drivent-api/src/errors/invalid-email-error.ts": {"path":"/home/rafael/Documentos/Projetos/Driven/drivent-api/src/errors/invalid-email-error.ts","statementMap":{"0":{"start":{"line":4,"column":2},"end":{"line":8,"column":4}},"1":{"start":{"line":3,"column":0},"end":{"line":3,"column":16}}},"fnMap":{"0":{"name":"invalidEmailError","decl":{"start":{"line":3,"column":16},"end":{"line":3,"column":33}},"loc":{"start":{"line":3,"column":47},"end":{"line":9,"column":1}}}},"branchMap":{},"s":{"0":0,"1":10},"f":{"0":0},"b":{}}
,"/home/rafael/Documentos/Projetos/Driven/drivent-api/src/errors/invalid-ticket-error.ts": {"path":"/home/rafael/Documentos/Projetos/Driven/drivent-api/src/errors/invalid-ticket-error.ts","statementMap":{"0":{"start":{"line":4,"column":2},"end":{"line":7,"column":4}},"1":{"start":{"line":3,"column":0},"end":{"line":3,"column":16}}},"fnMap":{"0":{"name":"invalidTicketError","decl":{"start":{"line":3,"column":16},"end":{"line":3,"column":34}},"loc":{"start":{"line":3,"column":34},"end":{"line":8,"column":1}}}},"branchMap":{},"s":{"0":2,"1":10},"f":{"0":2},"b":{}}
,"/home/rafael/Documentos/Projetos/Driven/drivent-api/src/errors/not-found-error.ts": {"path":"/home/rafael/Documentos/Projetos/Driven/drivent-api/src/errors/not-found-error.ts","statementMap":{"0":{"start":{"line":4,"column":2},"end":{"line":7,"column":4}},"1":{"start":{"line":3,"column":0},"end":{"line":3,"column":16}}},"fnMap":{"0":{"name":"notFoundError","decl":{"start":{"line":3,"column":16},"end":{"line":3,"column":29}},"loc":{"start":{"line":3,"column":29},"end":{"line":8,"column":1}}}},"branchMap":{},"s":{"0":12,"1":10},"f":{"0":12},"b":{}}
,"/home/rafael/Documentos/Projetos/Driven/drivent-api/src/errors/request-error.ts": {"path":"/home/rafael/Documentos/Projetos/Driven/drivent-api/src/errors/request-error.ts","statementMap":{"0":{"start":{"line":4,"column":2},"end":{"line":10,"column":4}},"1":{"start":{"line":3,"column":0},"end":{"line":3,"column":16}}},"fnMap":{"0":{"name":"requestError","decl":{"start":{"line":3,"column":16},"end":{"line":3,"column":28}},"loc":{"start":{"line":3,"column":63},"end":{"line":11,"column":1}}}},"branchMap":{},"s":{"0":1,"1":10},"f":{"0":1},"b":{}}
,"/home/rafael/Documentos/Projetos/Driven/drivent-api/src/errors/unauthorized-error.ts": {"path":"/home/rafael/Documentos/Projetos/Driven/drivent-api/src/errors/unauthorized-error.ts","statementMap":{"0":{"start":{"line":4,"column":2},"end":{"line":7,"column":4}},"1":{"start":{"line":3,"column":0},"end":{"line":3,"column":16}}},"fnMap":{"0":{"name":"unauthorizedError","decl":{"start":{"line":3,"column":16},"end":{"line":3,"column":33}},"loc":{"start":{"line":3,"column":33},"end":{"line":8,"column":1}}}},"branchMap":{},"s":{"0":29,"1":10},"f":{"0":29},"b":{}}
,"/home/rafael/Documentos/Projetos/Driven/drivent-api/src/middlewares/authentication-middleware.ts": {"path":"/home/rafael/Documentos/Projetos/Driven/drivent-api/src/middlewares/authentication-middleware.ts","statementMap":{"0":{"start":{"line":2,"column":0},"end":{"line":2,"column":37}},"1":{"start":{"line":3,"column":0},"end":{"line":3,"column":36}},"2":{"start":{"line":5,"column":0},"end":{"line":5,"column":45}},"3":{"start":{"line":6,"column":0},"end":{"line":6,"column":34}},"4":{"start":{"line":9,"column":21},"end":{"line":9,"column":48}},"5":{"start":{"line":10,"column":2},"end":{"line":10,"column":60}},"6":{"start":{"line":10,"column":19},"end":{"line":10,"column":60}},"7":{"start":{"line":12,"column":16},"end":{"line":12,"column":40}},"8":{"start":{"line":13,"column":2},"end":{"line":13,"column":55}},"9":{"start":{"line":13,"column":14},"end":{"line":13,"column":55}},"10":{"start":{"line":15,"column":2},"end":{"line":30,"column":null}},"11":{"start":{"line":16,"column":23},"end":{"line":16,"column":78}},"12":{"start":{"line":18,"column":20},"end":{"line":22,"column":6}},"13":{"start":{"line":23,"column":4},"end":{"line":23,"column":59}},"14":{"start":{"line":23,"column":18},"end":{"line":23,"column":59}},"15":{"start":{"line":25,"column":4},"end":{"line":25,"column":24}},"16":{"start":{"line":27,"column":4},"end":{"line":27,"column":18}},"17":{"start":{"line":29,"column":4},"end":{"line":29,"column":45}},"18":{"start":{"line":8,"column":0},"end":{"line":8,"column":7}},"19":{"start":{"line":34,"column":2},"end":{"line":34,"column":64}}},"fnMap":{"0":{"name":"authenticateToken","decl":{"start":{"line":8,"column":22},"end":{"line":8,"column":39}},"loc":{"start":{"line":8,"column":100},"end":{"line":31,"column":1}}},"1":{"name":"generateUnauthorizedResponse","decl":{"start":{"line":33,"column":9},"end":{"line":33,"column":37}},"loc":{"start":{"line":33,"column":51},"end":{"line":35,"column":1}}}},"branchMap":{"0":{"loc":{"start":{"line":10,"column":2},"end":{"line":10,"column":60}},"type":"if","locations":[{"start":{"line":10,"column":2},"end":{"line":10,"column":60}}]},"1":{"loc":{"start":{"line":13,"column":2},"end":{"line":13,"column":55}},"type":"if","locations":[{"start":{"line":13,"column":2},"end":{"line":13,"column":55}}]},"2":{"loc":{"start":{"line":23,"column":4},"end":{"line":23,"column":59}},"type":"if","locations":[{"start":{"line":23,"column":4},"end":{"line":23,"column":59}}]}},"s":{"0":10,"1":10,"2":10,"3":10,"4":63,"5":63,"6":9,"7":54,"8":54,"9":0,"10":54,"11":54,"12":45,"13":45,"14":9,"15":36,"16":36,"17":9,"18":10,"19":27},"f":{"0":63,"1":27},"b":{"0":[9],"1":[0],"2":[9]}}
,"/home/rafael/Documentos/Projetos/Driven/drivent-api/src/middlewares/error-handling-middleware.ts": {"path":"/home/rafael/Documentos/Projetos/Driven/drivent-api/src/middlewares/error-handling-middleware.ts","statementMap":{"0":{"start":{"line":2,"column":0},"end":{"line":2,"column":37}},"1":{"start":{"line":11,"column":2},"end":{"line":15,"column":null}},"2":{"start":{"line":12,"column":4},"end":{"line":14,"column":7}},"3":{"start":{"line":17,"column":2},"end":{"line":21,"column":null}},"4":{"start":{"line":18,"column":4},"end":{"line":20,"column":7}},"5":{"start":{"line":23,"column":2},"end":{"line":27,"column":null}},"6":{"start":{"line":24,"column":4},"end":{"line":26,"column":7}},"7":{"start":{"line":29,"column":2},"end":{"line":33,"column":null}},"8":{"start":{"line":30,"column":4},"end":{"line":32,"column":7}},"9":{"start":{"line":35,"column":2},"end":{"line":39,"column":null}},"10":{"start":{"line":36,"column":4},"end":{"line":38,"column":7}},"11":{"start":{"line":41,"column":2},"end":{"line":45,"column":null}},"12":{"start":{"line":42,"column":4},"end":{"line":44,"column":7}},"13":{"start":{"line":48,"column":2},"end":{"line":48,"column":26}},"14":{"start":{"line":49,"column":2},"end":{"line":52,"column":5}},"15":{"start":{"line":5,"column":0},"end":{"line":5,"column":16}}},"fnMap":{"0":{"name":"handleApplicationErrors","decl":{"start":{"line":5,"column":16},"end":{"line":5,"column":39}},"loc":{"start":{"line":9,"column":21},"end":{"line":53,"column":1}}}},"branchMap":{"0":{"loc":{"start":{"line":11,"column":2},"end":{"line":15,"column":null}},"type":"if","locations":[{"start":{"line":11,"column":2},"end":{"line":15,"column":null}}]},"1":{"loc":{"start":{"line":17,"column":2},"end":{"line":21,"column":null}},"type":"if","locations":[{"start":{"line":17,"column":2},"end":{"line":21,"column":null}}]},"2":{"loc":{"start":{"line":17,"column":6},"end":{"line":17,"column":73}},"type":"binary-expr","locations":[{"start":{"line":17,"column":6},"end":{"line":17,"column":34}},{"start":{"line":17,"column":38},"end":{"line":17,"column":73}}]},"3":{"loc":{"start":{"line":23,"column":2},"end":{"line":27,"column":null}},"type":"if","locations":[{"start":{"line":23,"column":2},"end":{"line":27,"column":null}}]},"4":{"loc":{"start":{"line":29,"column":2},"end":{"line":33,"column":null}},"type":"if","locations":[{"start":{"line":29,"column":2},"end":{"line":33,"column":null}}]},"5":{"loc":{"start":{"line":35,"column":2},"end":{"line":39,"column":null}},"type":"if","locations":[{"start":{"line":35,"column":2},"end":{"line":39,"column":null}}]},"6":{"loc":{"start":{"line":41,"column":2},"end":{"line":45,"column":null}},"type":"if","locations":[{"start":{"line":41,"column":2},"end":{"line":45,"column":null}}]}},"s":{"0":10,"1":3,"2":0,"3":3,"4":0,"5":3,"6":0,"7":3,"8":0,"9":3,"10":3,"11":0,"12":0,"13":0,"14":0,"15":10},"f":{"0":3},"b":{"0":[0],"1":[0],"2":[3,3],"3":[0],"4":[0],"5":[3],"6":[0]}}
,"/home/rafael/Documentos/Projetos/Driven/drivent-api/src/middlewares/index.ts": {"path":"/home/rafael/Documentos/Projetos/Driven/drivent-api/src/middlewares/index.ts","statementMap":{"0":{"start":{"line":1,"column":0},"end":{"line":1,"column":44}},"1":{"start":{"line":2,"column":0},"end":{"line":2,"column":40}},"2":{"start":{"line":3,"column":0},"end":{"line":3,"column":44}}},"fnMap":{},"branchMap":{},"s":{"0":10,"1":10,"2":10},"f":{},"b":{}}
,"/home/rafael/Documentos/Projetos/Driven/drivent-api/src/middlewares/validation-middleware.ts": {"path":"/home/rafael/Documentos/Projetos/Driven/drivent-api/src/middlewares/validation-middleware.ts","statementMap":{"0":{"start":{"line":2,"column":0},"end":{"line":2,"column":37}},"1":{"start":{"line":4,"column":0},"end":{"line":4,"column":44}},"2":{"start":{"line":7,"column":2},"end":{"line":7,"column":34}},"3":{"start":{"line":6,"column":0},"end":{"line":6,"column":16}},"4":{"start":{"line":11,"column":2},"end":{"line":11,"column":36}},"5":{"start":{"line":10,"column":0},"end":{"line":10,"column":16}},"6":{"start":{"line":15,"column":2},"end":{"line":25,"column":4}},"7":{"start":{"line":16,"column":22},"end":{"line":18,"column":6}},"8":{"start":{"line":20,"column":4},"end":{"line":24,"column":null}},"9":{"start":{"line":21,"column":6},"end":{"line":21,"column":13}},"10":{"start":{"line":23,"column":6},"end":{"line":23,"column":101}},"11":{"start":{"line":23,"column":88},"end":{"line":23,"column":97}}},"fnMap":{"0":{"name":"validateBody","decl":{"start":{"line":6,"column":16},"end":{"line":6,"column":28}},"loc":{"start":{"line":6,"column":55},"end":{"line":8,"column":1}}},"1":{"name":"validateParams","decl":{"start":{"line":10,"column":16},"end":{"line":10,"column":30}},"loc":{"start":{"line":10,"column":57},"end":{"line":12,"column":1}}},"2":{"name":"validate","decl":{"start":{"line":14,"column":9},"end":{"line":14,"column":17}},"loc":{"start":{"line":14,"column":63},"end":{"line":26,"column":1}}},"3":{"name":"(anonymous_4)","decl":{"start":{"line":15,"column":9},"end":{"line":15,"column":10}},"loc":{"start":{"line":15,"column":61},"end":{"line":25,"column":3}}},"4":{"name":"(anonymous_5)","decl":{"start":{"line":23,"column":81},"end":{"line":23,"column":82}},"loc":{"start":{"line":23,"column":88},"end":{"line":23,"column":97}}}},"branchMap":{"0":{"loc":{"start":{"line":20,"column":4},"end":{"line":24,"column":null}},"type":"if","locations":[{"start":{"line":20,"column":4},"end":{"line":24,"column":null}},{"start":{"line":22,"column":11},"end":{"line":24,"column":null}}]}},"s":{"0":10,"1":10,"2":40,"3":10,"4":0,"5":10,"6":40,"7":24,"8":24,"9":16,"10":8,"11":24},"f":{"0":40,"1":0,"2":40,"3":24,"4":24},"b":{"0":[16,8]}}
,"/home/rafael/Documentos/Projetos/Driven/drivent-api/src/repositories/address-repository/index.ts": {"path":"/home/rafael/Documentos/Projetos/Driven/drivent-api/src/repositories/address-repository/index.ts","statementMap":{"0":{"start":{"line":2,"column":0},"end":{"line":2,"column":34}},"1":{"start":{"line":5,"column":2},"end":{"line":14,"column":5}},"2":{"start":{"line":20,"column":26},"end":{"line":22,"column":2}},"3":{"start":{"line":24,"column":0},"end":{"line":24,"column":33}}},"fnMap":{"0":{"name":"upsert","decl":{"start":{"line":4,"column":15},"end":{"line":4,"column":21}},"loc":{"start":{"line":4,"column":116},"end":{"line":15,"column":1}}}},"branchMap":{},"s":{"0":10,"1":2,"2":10,"3":10},"f":{"0":2},"b":{}}
,"/home/rafael/Documentos/Projetos/Driven/drivent-api/src/repositories/booking-repository/index.ts": {"path":"/home/rafael/Documentos/Projetos/Driven/drivent-api/src/repositories/booking-repository/index.ts","statementMap":{"0":{"start":{"line":2,"column":0},"end":{"line":2,"column":34}},"1":{"start":{"line":8,"column":2},"end":{"line":13,"column":5}},"2":{"start":{"line":17,"column":2},"end":{"line":24,"column":5}},"3":{"start":{"line":28,"column":2},"end":{"line":35,"column":5}},"4":{"start":{"line":39,"column":2},"end":{"line":50,"column":5}},"5":{"start":{"line":53,"column":26},"end":{"line":58,"column":2}},"6":{"start":{"line":60,"column":0},"end":{"line":60,"column":33}}},"fnMap":{"0":{"name":"create","decl":{"start":{"line":7,"column":15},"end":{"line":7,"column":21}},"loc":{"start":{"line":7,"column":54},"end":{"line":14,"column":1}}},"1":{"name":"findByRoomId","decl":{"start":{"line":16,"column":15},"end":{"line":16,"column":27}},"loc":{"start":{"line":16,"column":42},"end":{"line":25,"column":1}}},"2":{"name":"findByUserId","decl":{"start":{"line":27,"column":15},"end":{"line":27,"column":27}},"loc":{"start":{"line":27,"column":42},"end":{"line":36,"column":1}}},"3":{"name":"upsertBooking","decl":{"start":{"line":38,"column":15},"end":{"line":38,"column":28}},"loc":{"start":{"line":38,"column":65},"end":{"line":51,"column":1}}}},"branchMap":{},"s":{"0":10,"1":0,"2":0,"3":0,"4":0,"5":10,"6":10},"f":{"0":0,"1":0,"2":0,"3":0},"b":{}}
,"/home/rafael/Documentos/Projetos/Driven/drivent-api/src/repositories/enrollment-repository/index.ts": {"path":"/home/rafael/Documentos/Projetos/Driven/drivent-api/src/repositories/enrollment-repository/index.ts","statementMap":{"0":{"start":{"line":2,"column":0},"end":{"line":2,"column":34}},"1":{"start":{"line":5,"column":2},"end":{"line":10,"column":5}},"2":{"start":{"line":14,"column":2},"end":{"line":16,"column":5}},"3":{"start":{"line":24,"column":2},"end":{"line":30,"column":5}},"4":{"start":{"line":34,"column":2},"end":{"line":36,"column":5}},"5":{"start":{"line":42,"column":29},"end":{"line":46,"column":2}},"6":{"start":{"line":48,"column":0},"end":{"line":48,"column":36}}},"fnMap":{"0":{"name":"findWithAddressByUserId","decl":{"start":{"line":4,"column":15},"end":{"line":4,"column":38}},"loc":{"start":{"line":4,"column":53},"end":{"line":11,"column":1}}},"1":{"name":"getById","decl":{"start":{"line":13,"column":15},"end":{"line":13,"column":22}},"loc":{"start":{"line":13,"column":33},"end":{"line":17,"column":1}}},"2":{"name":"upsert","decl":{"start":{"line":19,"column":15},"end":{"line":19,"column":21}},"loc":{"start":{"line":22,"column":43},"end":{"line":31,"column":1}}},"3":{"name":"findById","decl":{"start":{"line":33,"column":15},"end":{"line":33,"column":23}},"loc":{"start":{"line":33,"column":44},"end":{"line":37,"column":1}}}},"branchMap":{},"s":{"0":10,"1":17,"2":0,"3":2,"4":6,"5":10,"6":10},"f":{"0":17,"1":0,"2":2,"3":6},"b":{}}
,"/home/rafael/Documentos/Projetos/Driven/drivent-api/src/repositories/event-repository/index.ts": {"path":"/home/rafael/Documentos/Projetos/Driven/drivent-api/src/repositories/event-repository/index.ts","statementMap":{"0":{"start":{"line":1,"column":0},"end":{"line":1,"column":34}},"1":{"start":{"line":4,"column":2},"end":{"line":4,"column":34}},"2":{"start":{"line":7,"column":24},"end":{"line":9,"column":2}},"3":{"start":{"line":11,"column":0},"end":{"line":11,"column":31}}},"fnMap":{"0":{"name":"findFirst","decl":{"start":{"line":3,"column":15},"end":{"line":3,"column":24}},"loc":{"start":{"line":3,"column":24},"end":{"line":5,"column":1}}}},"branchMap":{},"s":{"0":10,"1":11,"2":10,"3":10},"f":{"0":11},"b":{}}
,"/home/rafael/Documentos/Projetos/Driven/drivent-api/src/repositories/hotel-repository/index.ts": {"path":"/home/rafael/Documentos/Projetos/Driven/drivent-api/src/repositories/hotel-repository/index.ts","statementMap":{"0":{"start":{"line":1,"column":0},"end":{"line":1,"column":34}},"1":{"start":{"line":4,"column":2},"end":{"line":4,"column":33}},"2":{"start":{"line":8,"column":2},"end":{"line":15,"column":5}},"3":{"start":{"line":18,"column":24},"end":{"line":21,"column":2}},"4":{"start":{"line":23,"column":0},"end":{"line":23,"column":31}}},"fnMap":{"0":{"name":"findHotels","decl":{"start":{"line":3,"column":15},"end":{"line":3,"column":25}},"loc":{"start":{"line":3,"column":25},"end":{"line":5,"column":1}}},"1":{"name":"findRoomsByHotelId","decl":{"start":{"line":7,"column":15},"end":{"line":7,"column":33}},"loc":{"start":{"line":7,"column":49},"end":{"line":16,"column":1}}}},"branchMap":{},"s":{"0":10,"1":2,"2":3,"3":10,"4":10},"f":{"0":2,"1":3},"b":{}}
,"/home/rafael/Documentos/Projetos/Driven/drivent-api/src/repositories/payments-repository/index.ts": {"path":"/home/rafael/Documentos/Projetos/Driven/drivent-api/src/repositories/payments-repository/index.ts","statementMap":{"0":{"start":{"line":1,"column":0},"end":{"line":1,"column":34}},"1":{"start":{"line":5,"column":2},"end":{"line":9,"column":5}},"2":{"start":{"line":13,"column":2},"end":{"line":18,"column":5}},"3":{"start":{"line":21,"column":0},"end":{"line":21,"column":56}}},"fnMap":{"0":{"name":"findPaymentByTicketId","decl":{"start":{"line":4,"column":15},"end":{"line":4,"column":36}},"loc":{"start":{"line":4,"column":53},"end":{"line":10,"column":1}}},"1":{"name":"createPayment","decl":{"start":{"line":12,"column":15},"end":{"line":12,"column":28}},"loc":{"start":{"line":12,"column":68},"end":{"line":19,"column":1}}}},"branchMap":{},"s":{"0":10,"1":1,"2":3,"3":10},"f":{"0":1,"1":3},"b":{}}
,"/home/rafael/Documentos/Projetos/Driven/drivent-api/src/repositories/rooms-repository/index.ts": {"path":"/home/rafael/Documentos/Projetos/Driven/drivent-api/src/repositories/rooms-repository/index.ts","statementMap":{"0":{"start":{"line":1,"column":0},"end":{"line":1,"column":34}},"1":{"start":{"line":4,"column":2},"end":{"line":8,"column":5}},"2":{"start":{"line":12,"column":2},"end":{"line":16,"column":5}},"3":{"start":{"line":19,"column":23},"end":{"line":22,"column":2}},"4":{"start":{"line":24,"column":0},"end":{"line":24,"column":30}}},"fnMap":{"0":{"name":"findById","decl":{"start":{"line":3,"column":15},"end":{"line":3,"column":23}},"loc":{"start":{"line":3,"column":38},"end":{"line":9,"column":1}}},"1":{"name":"findAllByHotelId","decl":{"start":{"line":11,"column":15},"end":{"line":11,"column":31}},"loc":{"start":{"line":11,"column":47},"end":{"line":17,"column":1}}}},"branchMap":{},"s":{"0":10,"1":0,"2":0,"3":10,"4":10},"f":{"0":0,"1":0},"b":{}}
,"/home/rafael/Documentos/Projetos/Driven/drivent-api/src/repositories/session-repository/index.ts": {"path":"/home/rafael/Documentos/Projetos/Driven/drivent-api/src/repositories/session-repository/index.ts","statementMap":{"0":{"start":{"line":2,"column":0},"end":{"line":2,"column":34}},"1":{"start":{"line":5,"column":2},"end":{"line":7,"column":5}},"2":{"start":{"line":10,"column":26},"end":{"line":12,"column":2}},"3":{"start":{"line":14,"column":0},"end":{"line":14,"column":33}}},"fnMap":{"0":{"name":"create","decl":{"start":{"line":4,"column":15},"end":{"line":4,"column":21}},"loc":{"start":{"line":4,"column":62},"end":{"line":8,"column":1}}}},"branchMap":{},"s":{"0":10,"1":5,"2":10,"3":10},"f":{"0":5},"b":{}}
,"/home/rafael/Documentos/Projetos/Driven/drivent-api/src/repositories/tickets-repository/index.ts": {"path":"/home/rafael/Documentos/Projetos/Driven/drivent-api/src/repositories/tickets-repository/index.ts","statementMap":{"0":{"start":{"line":1,"column":0},"end":{"line":1,"column":66}},"1":{"start":{"line":2,"column":0},"end":{"line":2,"column":34}},"2":{"start":{"line":6,"column":2},"end":{"line":6,"column":38}},"3":{"start":{"line":14,"column":2},"end":{"line":19,"column":5}},"4":{"start":{"line":23,"column":2},"end":{"line":25,"column":5}},"5":{"start":{"line":29,"column":2},"end":{"line":36,"column":5}},"6":{"start":{"line":40,"column":2},"end":{"line":47,"column":5}},"7":{"start":{"line":51,"column":2},"end":{"line":58,"column":5}},"8":{"start":{"line":61,"column":0},"end":{"line":68,"column":2}}},"fnMap":{"0":{"name":"findTicketTypes","decl":{"start":{"line":5,"column":15},"end":{"line":5,"column":30}},"loc":{"start":{"line":5,"column":30},"end":{"line":7,"column":1}}},"1":{"name":"findTicketByEnrollmentId","decl":{"start":{"line":9,"column":15},"end":{"line":9,"column":39}},"loc":{"start":{"line":9,"column":60},"end":{"line":20,"column":1}}},"2":{"name":"createTicket","decl":{"start":{"line":22,"column":15},"end":{"line":22,"column":27}},"loc":{"start":{"line":22,"column":54},"end":{"line":26,"column":1}}},"3":{"name":"findTickeyById","decl":{"start":{"line":28,"column":15},"end":{"line":28,"column":29}},"loc":{"start":{"line":28,"column":46},"end":{"line":37,"column":1}}},"4":{"name":"findTickeWithTypeById","decl":{"start":{"line":39,"column":15},"end":{"line":39,"column":36}},"loc":{"start":{"line":39,"column":53},"end":{"line":48,"column":1}}},"5":{"name":"ticketProcessPayment","decl":{"start":{"line":50,"column":15},"end":{"line":50,"column":35}},"loc":{"start":{"line":50,"column":52},"end":{"line":59,"column":1}}}},"branchMap":{},"s":{"0":10,"1":10,"2":2,"3":11,"4":2,"5":8,"6":3,"7":3,"8":10},"f":{"0":2,"1":11,"2":2,"3":8,"4":3,"5":3},"b":{}}
,"/home/rafael/Documentos/Projetos/Driven/drivent-api/src/repositories/user-repository/index.ts": {"path":"/home/rafael/Documentos/Projetos/Driven/drivent-api/src/repositories/user-repository/index.ts","statementMap":{"0":{"start":{"line":2,"column":0},"end":{"line":2,"column":34}},"1":{"start":{"line":5,"column":44},"end":{"line":9,"column":4}},"2":{"start":{"line":11,"column":2},"end":{"line":13,"column":null}},"3":{"start":{"line":12,"column":4},"end":{"line":12,"column":27}},"4":{"start":{"line":15,"column":2},"end":{"line":15,"column":40}},"5":{"start":{"line":19,"column":2},"end":{"line":21,"column":5}},"6":{"start":{"line":24,"column":23},"end":{"line":27,"column":2}},"7":{"start":{"line":29,"column":0},"end":{"line":29,"column":30}}},"fnMap":{"0":{"name":"findByEmail","decl":{"start":{"line":4,"column":15},"end":{"line":4,"column":26}},"loc":{"start":{"line":4,"column":68},"end":{"line":16,"column":1}}},"1":{"name":"create","decl":{"start":{"line":18,"column":15},"end":{"line":18,"column":21}},"loc":{"start":{"line":18,"column":59},"end":{"line":22,"column":1}}}},"branchMap":{"0":{"loc":{"start":{"line":11,"column":2},"end":{"line":13,"column":null}},"type":"if","locations":[{"start":{"line":11,"column":2},"end":{"line":13,"column":null}}]}},"s":{"0":10,"1":16,"2":16,"3":9,"4":16,"5":5,"6":10,"7":10},"f":{"0":16,"1":5},"b":{"0":[9]}}
,"/home/rafael/Documentos/Projetos/Driven/drivent-api/src/routers/authentication-router.ts": {"path":"/home/rafael/Documentos/Projetos/Driven/drivent-api/src/routers/authentication-router.ts","statementMap":{"0":{"start":{"line":1,"column":0},"end":{"line":1,"column":33}},"1":{"start":{"line":2,"column":0},"end":{"line":2,"column":43}},"2":{"start":{"line":3,"column":0},"end":{"line":3,"column":45}},"3":{"start":{"line":4,"column":0},"end":{"line":4,"column":41}},"4":{"start":{"line":6,"column":29},"end":{"line":6,"column":37}},"5":{"start":{"line":10,"column":9},"end":{"line":10,"column":29}},"6":{"start":{"line":8,"column":0},"end":{"line":8,"column":78}}},"fnMap":{},"branchMap":{},"s":{"0":10,"1":10,"2":10,"3":10,"4":10,"5":10,"6":10},"f":{},"b":{}}
,"/home/rafael/Documentos/Projetos/Driven/drivent-api/src/routers/bookings-router.ts": {"path":"/home/rafael/Documentos/Projetos/Driven/drivent-api/src/routers/bookings-router.ts","statementMap":{"0":{"start":{"line":1,"column":0},"end":{"line":1,"column":33}},"1":{"start":{"line":2,"column":0},"end":{"line":2,"column":64}},"2":{"start":{"line":3,"column":0},"end":{"line":3,"column":80}},"3":{"start":{"line":5,"column":23},"end":{"line":5,"column":31}},"4":{"start":{"line":10,"column":9},"end":{"line":10,"column":23}},"5":{"start":{"line":7,"column":0},"end":{"line":7,"column":92}}},"fnMap":{},"branchMap":{},"s":{"0":10,"1":10,"2":10,"3":10,"4":10,"5":10},"f":{},"b":{}}
,"/home/rafael/Documentos/Projetos/Driven/drivent-api/src/routers/enrollments-router.ts": {"path":"/home/rafael/Documentos/Projetos/Driven/drivent-api/src/routers/enrollments-router.ts","statementMap":{"0":{"start":{"line":1,"column":0},"end":{"line":1,"column":33}},"1":{"start":{"line":2,"column":0},"end":{"line":2,"column":64}},"2":{"start":{"line":3,"column":0},"end":{"line":3,"column":101}},"3":{"start":{"line":4,"column":0},"end":{"line":4,"column":51}},"4":{"start":{"line":6,"column":26},"end":{"line":6,"column":34}},"5":{"start":{"line":14,"column":9},"end":{"line":14,"column":26}},"6":{"start":{"line":8,"column":0},"end":{"line":12,"column":81}}},"fnMap":{},"branchMap":{},"s":{"0":10,"1":10,"2":10,"3":10,"4":10,"5":10,"6":10},"f":{},"b":{}}
,"/home/rafael/Documentos/Projetos/Driven/drivent-api/src/routers/events-router.ts": {"path":"/home/rafael/Documentos/Projetos/Driven/drivent-api/src/routers/events-router.ts","statementMap":{"0":{"start":{"line":1,"column":0},"end":{"line":1,"column":33}},"1":{"start":{"line":2,"column":0},"end":{"line":2,"column":48}},"2":{"start":{"line":4,"column":21},"end":{"line":4,"column":29}},"3":{"start":{"line":8,"column":9},"end":{"line":8,"column":21}},"4":{"start":{"line":6,"column":0},"end":{"line":6,"column":39}}},"fnMap":{},"branchMap":{},"s":{"0":10,"1":10,"2":10,"3":10,"4":10},"f":{},"b":{}}
,"/home/rafael/Documentos/Projetos/Driven/drivent-api/src/routers/hotels-router.ts": {"path":"/home/rafael/Documentos/Projetos/Driven/drivent-api/src/routers/hotels-router.ts","statementMap":{"0":{"start":{"line":1,"column":0},"end":{"line":1,"column":33}},"1":{"start":{"line":2,"column":0},"end":{"line":2,"column":50}},"2":{"start":{"line":3,"column":0},"end":{"line":3,"column":85}},"3":{"start":{"line":5,"column":21},"end":{"line":5,"column":29}},"4":{"start":{"line":9,"column":9},"end":{"line":9,"column":21}},"5":{"start":{"line":7,"column":0},"end":{"line":7,"column":104}}},"fnMap":{},"branchMap":{},"s":{"0":10,"1":10,"2":10,"3":10,"4":10,"5":10},"f":{},"b":{}}
,"/home/rafael/Documentos/Projetos/Driven/drivent-api/src/routers/index.ts": {"path":"/home/rafael/Documentos/Projetos/Driven/drivent-api/src/routers/index.ts","statementMap":{"0":{"start":{"line":1,"column":0},"end":{"line":1,"column":31}},"1":{"start":{"line":2,"column":0},"end":{"line":2,"column":40}},"2":{"start":{"line":3,"column":0},"end":{"line":3,"column":32}},"3":{"start":{"line":4,"column":0},"end":{"line":4,"column":37}},"4":{"start":{"line":5,"column":0},"end":{"line":5,"column":33}},"5":{"start":{"line":6,"column":0},"end":{"line":6,"column":34}},"6":{"start":{"line":7,"column":0},"end":{"line":7,"column":32}},"7":{"start":{"line":8,"column":0},"end":{"line":8,"column":34}}},"fnMap":{},"branchMap":{},"s":{"0":10,"1":10,"2":10,"3":10,"4":10,"5":10,"6":10,"7":10},"f":{},"b":{}}
,"/home/rafael/Documentos/Projetos/Driven/drivent-api/src/routers/payments-router.ts": {"path":"/home/rafael/Documentos/Projetos/Driven/drivent-api/src/routers/payments-router.ts","statementMap":{"0":{"start":{"line":1,"column":0},"end":{"line":1,"column":33}},"1":{"start":{"line":2,"column":0},"end":{"line":2,"column":50}},"2":{"start":{"line":3,"column":0},"end":{"line":3,"column":69}},"3":{"start":{"line":5,"column":23},"end":{"line":5,"column":31}},"4":{"start":{"line":9,"column":9},"end":{"line":9,"column":23}},"5":{"start":{"line":7,"column":0},"end":{"line":7,"column":108}}},"fnMap":{},"branchMap":{},"s":{"0":10,"1":10,"2":10,"3":10,"4":10,"5":10},"f":{},"b":{}}
,"/home/rafael/Documentos/Projetos/Driven/drivent-api/src/routers/tickets-router.ts": {"path":"/home/rafael/Documentos/Projetos/Driven/drivent-api/src/routers/tickets-router.ts","statementMap":{"0":{"start":{"line":1,"column":0},"end":{"line":1,"column":33}},"1":{"start":{"line":2,"column":0},"end":{"line":2,"column":64}},"2":{"start":{"line":3,"column":0},"end":{"line":3,"column":73}},"3":{"start":{"line":4,"column":0},"end":{"line":4,"column":58}},"4":{"start":{"line":6,"column":22},"end":{"line":6,"column":30}},"5":{"start":{"line":14,"column":9},"end":{"line":14,"column":22}},"6":{"start":{"line":8,"column":0},"end":{"line":12,"column":56}}},"fnMap":{},"branchMap":{},"s":{"0":10,"1":10,"2":10,"3":10,"4":10,"5":10,"6":10},"f":{},"b":{}}
,"/home/rafael/Documentos/Projetos/Driven/drivent-api/src/routers/users-router.ts": {"path":"/home/rafael/Documentos/Projetos/Driven/drivent-api/src/routers/users-router.ts","statementMap":{"0":{"start":{"line":1,"column":0},"end":{"line":1,"column":33}},"1":{"start":{"line":3,"column":0},"end":{"line":3,"column":45}},"2":{"start":{"line":4,"column":0},"end":{"line":4,"column":45}},"3":{"start":{"line":5,"column":0},"end":{"line":5,"column":42}},"4":{"start":{"line":7,"column":20},"end":{"line":7,"column":28}},"5":{"start":{"line":11,"column":9},"end":{"line":11,"column":20}},"6":{"start":{"line":9,"column":0},"end":{"line":9,"column":65}}},"fnMap":{},"branchMap":{},"s":{"0":10,"1":10,"2":10,"3":10,"4":10,"5":10,"6":10},"f":{},"b":{}}
,"/home/rafael/Documentos/Projetos/Driven/drivent-api/src/schemas/authentication-schemas.ts": {"path":"/home/rafael/Documentos/Projetos/Driven/drivent-api/src/schemas/authentication-schemas.ts","statementMap":{"0":{"start":{"line":1,"column":0},"end":{"line":1,"column":22}},"1":{"start":{"line":4,"column":13},"end":{"line":7,"column":3}}},"fnMap":{},"branchMap":{},"s":{"0":13,"1":13},"f":{},"b":{}}
,"/home/rafael/Documentos/Projetos/Driven/drivent-api/src/schemas/enrollments-schemas.ts": {"path":"/home/rafael/Documentos/Projetos/Driven/drivent-api/src/schemas/enrollments-schemas.ts","statementMap":{"0":{"start":{"line":1,"column":0},"end":{"line":1,"column":105}},"1":{"start":{"line":2,"column":0},"end":{"line":2,"column":22}},"2":{"start":{"line":5,"column":28},"end":{"line":5,"column":87}},"3":{"start":{"line":7,"column":28},"end":{"line":7,"column":86}},"4":{"start":{"line":9,"column":36},"end":{"line":9,"column":108}},"5":{"start":{"line":11,"column":13},"end":{"line":28,"column":3}},"6":{"start":{"line":23,"column":39},"end":{"line":23,"column":45}},"7":{"start":{"line":31,"column":2},"end":{"line":31,"column":27}},"8":{"start":{"line":31,"column":14},"end":{"line":31,"column":27}},"9":{"start":{"line":33,"column":2},"end":{"line":35,"column":null}},"10":{"start":{"line":34,"column":4},"end":{"line":34,"column":40}},"11":{"start":{"line":37,"column":2},"end":{"line":37,"column":15}},"12":{"start":{"line":41,"column":2},"end":{"line":41,"column":27}},"13":{"start":{"line":41,"column":14},"end":{"line":41,"column":27}},"14":{"start":{"line":43,"column":2},"end":{"line":45,"column":null}},"15":{"start":{"line":44,"column":4},"end":{"line":44,"column":40}},"16":{"start":{"line":47,"column":2},"end":{"line":47,"column":15}},"17":{"start":{"line":51,"column":2},"end":{"line":51,"column":27}},"18":{"start":{"line":51,"column":14},"end":{"line":51,"column":27}},"19":{"start":{"line":53,"column":2},"end":{"line":55,"column":null}},"20":{"start":{"line":54,"column":4},"end":{"line":54,"column":40}},"21":{"start":{"line":57,"column":2},"end":{"line":57,"column":15}}},"fnMap":{"0":{"name":"(anonymous_1)","decl":{"start":{"line":23,"column":32},"end":{"line":23,"column":33}},"loc":{"start":{"line":23,"column":39},"end":{"line":23,"column":45}}},"1":{"name":"joiCpfValidation","decl":{"start":{"line":30,"column":9},"end":{"line":30,"column":25}},"loc":{"start":{"line":30,"column":75},"end":{"line":38,"column":1}}},"2":{"name":"JoiCepValidation","decl":{"start":{"line":40,"column":9},"end":{"line":40,"column":25}},"loc":{"start":{"line":40,"column":75},"end":{"line":48,"column":1}}},"3":{"name":"joiMobilePhoneValidation","decl":{"start":{"line":50,"column":9},"end":{"line":50,"column":33}},"loc":{"start":{"line":50,"column":83},"end":{"line":58,"column":1}}}},"branchMap":{"0":{"loc":{"start":{"line":31,"column":2},"end":{"line":31,"column":27}},"type":"if","locations":[{"start":{"line":31,"column":2},"end":{"line":31,"column":27}}]},"1":{"loc":{"start":{"line":33,"column":2},"end":{"line":35,"column":null}},"type":"if","locations":[{"start":{"line":33,"column":2},"end":{"line":35,"column":null}}]},"2":{"loc":{"start":{"line":41,"column":2},"end":{"line":41,"column":27}},"type":"if","locations":[{"start":{"line":41,"column":2},"end":{"line":41,"column":27}}]},"3":{"loc":{"start":{"line":43,"column":2},"end":{"line":45,"column":null}},"type":"if","locations":[{"start":{"line":43,"column":2},"end":{"line":45,"column":null}}]},"4":{"loc":{"start":{"line":51,"column":2},"end":{"line":51,"column":27}},"type":"if","locations":[{"start":{"line":51,"column":2},"end":{"line":51,"column":27}}]},"5":{"loc":{"start":{"line":53,"column":2},"end":{"line":55,"column":null}},"type":"if","locations":[{"start":{"line":53,"column":2},"end":{"line":55,"column":null}}]}},"s":{"0":13,"1":13,"2":13,"3":13,"4":13,"5":13,"6":351,"7":29,"8":0,"9":29,"10":1,"11":28,"12":19,"13":0,"14":19,"15":1,"16":18,"17":23,"18":0,"19":23,"20":0,"21":23},"f":{"0":351,"1":29,"2":19,"3":23},"b":{"0":[0],"1":[1],"2":[0],"3":[1],"4":[0],"5":[0]}}
,"/home/rafael/Documentos/Projetos/Driven/drivent-api/src/schemas/index.ts": {"path":"/home/rafael/Documentos/Projetos/Driven/drivent-api/src/schemas/index.ts","statementMap":{"0":{"start":{"line":1,"column":0},"end":{"line":1,"column":32}},"1":{"start":{"line":2,"column":0},"end":{"line":2,"column":41}},"2":{"start":{"line":3,"column":0},"end":{"line":3,"column":38}}},"fnMap":{},"branchMap":{},"s":{"0":13,"1":13,"2":13},"f":{},"b":{}}
,"/home/rafael/Documentos/Projetos/Driven/drivent-api/src/schemas/tickets-schemas.ts": {"path":"/home/rafael/Documentos/Projetos/Driven/drivent-api/src/schemas/tickets-schemas.ts","statementMap":{"0":{"start":{"line":1,"column":0},"end":{"line":1,"column":22}},"1":{"start":{"line":4,"column":13},"end":{"line":6,"column":3}}},"fnMap":{},"branchMap":{},"s":{"0":10,"1":10},"f":{},"b":{}}
,"/home/rafael/Documentos/Projetos/Driven/drivent-api/src/schemas/users-schemas.ts": {"path":"/home/rafael/Documentos/Projetos/Driven/drivent-api/src/schemas/users-schemas.ts","statementMap":{"0":{"start":{"line":1,"column":0},"end":{"line":1,"column":22}},"1":{"start":{"line":4,"column":13},"end":{"line":7,"column":3}}},"fnMap":{},"branchMap":{},"s":{"0":13,"1":13},"f":{},"b":{}}
,"/home/rafael/Documentos/Projetos/Driven/drivent-api/src/services/authentication-service/errors.ts": {"path":"/home/rafael/Documentos/Projetos/Driven/drivent-api/src/services/authentication-service/errors.ts","statementMap":{"0":{"start":{"line":4,"column":2},"end":{"line":7,"column":4}},"1":{"start":{"line":3,"column":0},"end":{"line":3,"column":16}}},"fnMap":{"0":{"name":"invalidCredentialsError","decl":{"start":{"line":3,"column":16},"end":{"line":3,"column":39}},"loc":{"start":{"line":3,"column":39},"end":{"line":8,"column":1}}}},"branchMap":{},"s":{"0":6,"1":10},"f":{"0":6},"b":{}}
,"/home/rafael/Documentos/Projetos/Driven/drivent-api/src/services/authentication-service/index.ts": {"path":"/home/rafael/Documentos/Projetos/Driven/drivent-api/src/services/authentication-service/index.ts","statementMap":{"0":{"start":{"line":2,"column":0},"end":{"line":2,"column":28}},"1":{"start":{"line":3,"column":0},"end":{"line":3,"column":31}},"2":{"start":{"line":4,"column":0},"end":{"line":4,"column":51}},"3":{"start":{"line":5,"column":0},"end":{"line":5,"column":47}},"4":{"start":{"line":6,"column":0},"end":{"line":6,"column":60}},"5":{"start":{"line":7,"column":0},"end":{"line":7,"column":66}},"6":{"start":{"line":10,"column":30},"end":{"line":10,"column":36}},"7":{"start":{"line":12,"column":15},"end":{"line":12,"column":41}},"8":{"start":{"line":14,"column":2},"end":{"line":14,"column":56}},"9":{"start":{"line":16,"column":16},"end":{"line":16,"column":44}},"10":{"start":{"line":18,"column":2},"end":{"line":21,"column":4}},"11":{"start":{"line":25,"column":15},"end":{"line":25,"column":97}},"12":{"start":{"line":26,"column":2},"end":{"line":26,"column":45}},"13":{"start":{"line":26,"column":13},"end":{"line":26,"column":45}},"14":{"start":{"line":28,"column":2},"end":{"line":28,"column":14}},"15":{"start":{"line":32,"column":16},"end":{"line":32,"column":60}},"16":{"start":{"line":33,"column":2},"end":{"line":36,"column":5}},"17":{"start":{"line":38,"column":2},"end":{"line":38,"column":15}},"18":{"start":{"line":42,"column":26},"end":{"line":42,"column":70}},"19":{"start":{"line":43,"column":2},"end":{"line":43,"column":56}},"20":{"start":{"line":43,"column":24},"end":{"line":43,"column":56}},"21":{"start":{"line":55,"column":30},"end":{"line":57,"column":2}},"22":{"start":{"line":59,"column":0},"end":{"line":59,"column":37}},"23":{"start":{"line":60,"column":0},"end":{"line":60,"column":25}}},"fnMap":{"0":{"name":"signIn","decl":{"start":{"line":9,"column":15},"end":{"line":9,"column":21}},"loc":{"start":{"line":9,"column":42},"end":{"line":22,"column":1}}},"1":{"name":"getUserOrFail","decl":{"start":{"line":24,"column":15},"end":{"line":24,"column":28}},"loc":{"start":{"line":24,"column":42},"end":{"line":29,"column":1}}},"2":{"name":"createSession","decl":{"start":{"line":31,"column":15},"end":{"line":31,"column":28}},"loc":{"start":{"line":31,"column":43},"end":{"line":39,"column":1}}},"3":{"name":"validatePasswordOrFail","decl":{"start":{"line":41,"column":15},"end":{"line":41,"column":37}},"loc":{"start":{"line":41,"column":76},"end":{"line":44,"column":1}}}},"branchMap":{"0":{"loc":{"start":{"line":26,"column":2},"end":{"line":26,"column":45}},"type":"if","locations":[{"start":{"line":26,"column":2},"end":{"line":26,"column":45}}]},"1":{"loc":{"start":{"line":43,"column":2},"end":{"line":43,"column":56}},"type":"if","locations":[{"start":{"line":43,"column":2},"end":{"line":43,"column":56}}]}},"s":{"0":10,"1":10,"2":10,"3":10,"4":10,"5":10,"6":9,"7":9,"8":7,"9":5,"10":5,"11":9,"12":9,"13":2,"14":7,"15":5,"16":5,"17":5,"18":7,"19":7,"20":2,"21":10,"22":10,"23":10},"f":{"0":9,"1":9,"2":5,"3":7},"b":{"0":[2],"1":[2]}}
,"/home/rafael/Documentos/Projetos/Driven/drivent-api/src/services/bookings-service/index.ts": {"path":"/home/rafael/Documentos/Projetos/Driven/drivent-api/src/services/bookings-service/index.ts","statementMap":{"0":{"start":{"line":1,"column":0},"end":{"line":1,"column":66}},"1":{"start":{"line":2,"column":0},"end":{"line":2,"column":61}},"2":{"start":{"line":3,"column":0},"end":{"line":3,"column":72}},"3":{"start":{"line":4,"column":0},"end":{"line":4,"column":65}},"4":{"start":{"line":5,"column":0},"end":{"line":5,"column":61}},"5":{"start":{"line":8,"column":21},"end":{"line":8,"column":79}},"6":{"start":{"line":9,"column":2},"end":{"line":11,"column":null}},"7":{"start":{"line":10,"column":4},"end":{"line":10,"column":31}},"8":{"start":{"line":12,"column":17},"end":{"line":12,"column":79}},"9":{"start":{"line":14,"column":2},"end":{"line":16,"column":null}},"10":{"start":{"line":15,"column":4},"end":{"line":15,"column":31}},"11":{"start":{"line":20,"column":15},"end":{"line":20,"column":52}},"12":{"start":{"line":21,"column":19},"end":{"line":21,"column":63}},"13":{"start":{"line":22,"column":2},"end":{"line":24,"column":null}},"14":{"start":{"line":23,"column":4},"end":{"line":23,"column":26}},"15":{"start":{"line":25,"column":2},"end":{"line":27,"column":null}},"16":{"start":{"line":26,"column":4},"end":{"line":26,"column":31}},"17":{"start":{"line":31,"column":18},"end":{"line":31,"column":62}},"18":{"start":{"line":32,"column":2},"end":{"line":32,"column":38}},"19":{"start":{"line":32,"column":16},"end":{"line":32,"column":38}},"20":{"start":{"line":33,"column":2},"end":{"line":33,"column":17}},"21":{"start":{"line":37,"column":2},"end":{"line":37,"column":38}},"22":{"start":{"line":38,"column":2},"end":{"line":38,"column":34}},"23":{"start":{"line":39,"column":17},"end":{"line":39,"column":61}},"24":{"start":{"line":40,"column":22},"end":{"line":40,"column":65}},"25":{"start":{"line":41,"column":2},"end":{"line":41,"column":16}},"26":{"start":{"line":44,"column":23},"end":{"line":44,"column":54}},"27":{"start":{"line":46,"column":0},"end":{"line":46,"column":30}},"28":{"start":{"line":47,"column":38},"end":{"line":47,"column":35531}},"29":{"start":{"line":47,"column":42},"end":{"line":47,"column":35520}},"30":{"start":{"line":47,"column":35569},"end":{"line":47,"column":35609}},"31":{"start":{"line":47,"column":35573},"end":{"line":47,"column":35598}},"32":{"start":{"line":47,"column":35610},"end":{"line":47,"column":35619}},"33":{"start":{"line":47,"column":35620},"end":{"line":47,"column":35626}},"34":{"start":{"line":47,"column":35662},"end":{"line":47,"column":35704}},"35":{"start":{"line":47,"column":35666},"end":{"line":47,"column":35693}},"36":{"start":{"line":47,"column":35705},"end":{"line":47,"column":35714}},"37":{"start":{"line":47,"column":35715},"end":{"line":47,"column":35721}},"38":{"start":{"line":47,"column":35738},"end":{"line":47,"column":35775}},"39":{"start":{"line":47,"column":35742},"end":{"line":47,"column":35764}},"40":{"start":{"line":47,"column":35777},"end":{"line":47,"column":35783}},"41":{"start":{"line":47,"column":35800},"end":{"line":47,"column":35840}},"42":{"start":{"line":47,"column":35804},"end":{"line":47,"column":35829}},"43":{"start":{"line":47,"column":35842},"end":{"line":47,"column":35848}}},"fnMap":{"0":{"name":"checkEnrollmentTicket","decl":{"start":{"line":7,"column":15},"end":{"line":7,"column":36}},"loc":{"start":{"line":7,"column":51},"end":{"line":17,"column":1}}},"1":{"name":"checkValidBooking","decl":{"start":{"line":19,"column":15},"end":{"line":19,"column":32}},"loc":{"start":{"line":19,"column":47},"end":{"line":28,"column":1}}},"2":{"name":"getBooking","decl":{"start":{"line":30,"column":15},"end":{"line":30,"column":25}},"loc":{"start":{"line":30,"column":40},"end":{"line":34,"column":1}}},"3":{"name":"registerBooking","decl":{"start":{"line":36,"column":15},"end":{"line":36,"column":30}},"loc":{"start":{"line":36,"column":61},"end":{"line":42,"column":1}}},"4":{"name":"oo_cm","decl":{"start":{"line":47,"column":30},"end":{"line":47,"column":35}},"loc":{"start":{"line":47,"column":35},"end":{"line":47,"column":35532}}},"5":{"name":"oo_oo","decl":{"start":{"line":47,"column":35542},"end":{"line":47,"column":35547}},"loc":{"start":{"line":47,"column":35567},"end":{"line":47,"column":35619}}},"6":{"name":"oo_tr","decl":{"start":{"line":47,"column":35635},"end":{"line":47,"column":35640}},"loc":{"start":{"line":47,"column":35660},"end":{"line":47,"column":35714}}},"7":{"name":"oo_ts","decl":{"start":{"line":47,"column":35730},"end":{"line":47,"column":35735}},"loc":{"start":{"line":47,"column":35735},"end":{"line":47,"column":35776}}},"8":{"name":"oo_te","decl":{"start":{"line":47,"column":35792},"end":{"line":47,"column":35797}},"loc":{"start":{"line":47,"column":35797},"end":{"line":47,"column":35841}}}},"branchMap":{"0":{"loc":{"start":{"line":9,"column":2},"end":{"line":11,"column":null}},"type":"if","locations":[{"start":{"line":9,"column":2},"end":{"line":11,"column":null}}]},"1":{"loc":{"start":{"line":14,"column":2},"end":{"line":16,"column":null}},"type":"if","locations":[{"start":{"line":14,"column":2},"end":{"line":16,"column":null}}]},"2":{"loc":{"start":{"line":14,"column":6},"end":{"line":14,"column":111}},"type":"binary-expr","locations":[{"start":{"line":14,"column":6},"end":{"line":14,"column":13}},{"start":{"line":14,"column":17},"end":{"line":14,"column":45}},{"start":{"line":14,"column":49},"end":{"line":14,"column":75}},{"start":{"line":14,"column":79},"end":{"line":14,"column":111}}]},"3":{"loc":{"start":{"line":22,"column":2},"end":{"line":24,"column":null}},"type":"if","locations":[{"start":{"line":22,"column":2},"end":{"line":24,"column":null}}]},"4":{"loc":{"start":{"line":25,"column":2},"end":{"line":27,"column":null}},"type":"if","locations":[{"start":{"line":25,"column":2},"end":{"line":27,"column":null}}]},"5":{"loc":{"start":{"line":32,"column":2},"end":{"line":32,"column":38}},"type":"if","locations":[{"start":{"line":32,"column":2},"end":{"line":32,"column":38}}]},"6":{"loc":{"start":{"line":47,"column":49},"end":{"line":47,"column":35519}},"type":"binary-expr","locations":[{"start":{"line":47,"column":49},"end":{"line":47,"column":86}},{"start":{"line":47,"column":90},"end":{"line":47,"column":35519}}]}},"s":{"0":10,"1":10,"2":10,"3":10,"4":10,"5":0,"6":0,"7":0,"8":0,"9":0,"10":0,"11":0,"12":0,"13":0,"14":0,"15":0,"16":0,"17":0,"18":0,"19":0,"20":0,"21":0,"22":0,"23":0,"24":0,"25":0,"26":10,"27":10,"28":0,"29":0,"30":0,"31":0,"32":0,"33":10,"34":0,"35":0,"36":0,"37":10,"38":0,"39":0,"40":10,"41":0,"42":0,"43":10},"f":{"0":0,"1":0,"2":0,"3":0,"4":0,"5":0,"6":0,"7":0,"8":0},"b":{"0":[0],"1":[0],"2":[0,0,0,0],"3":[0],"4":[0],"5":[0],"6":[0,0]}}
,"/home/rafael/Documentos/Projetos/Driven/drivent-api/src/services/enrollments-service/index.ts": {"path":"/home/rafael/Documentos/Projetos/Driven/drivent-api/src/services/enrollments-service/index.ts","statementMap":{"0":{"start":{"line":2,"column":0},"end":{"line":2,"column":42}},"1":{"start":{"line":3,"column":0},"end":{"line":3,"column":59}},"2":{"start":{"line":4,"column":0},"end":{"line":4,"column":91}},"3":{"start":{"line":5,"column":0},"end":{"line":5,"column":100}},"4":{"start":{"line":6,"column":0},"end":{"line":6,"column":47}},"5":{"start":{"line":10,"column":17},"end":{"line":10,"column":77}},"6":{"start":{"line":12,"column":2},"end":{"line":14,"column":null}},"7":{"start":{"line":13,"column":4},"end":{"line":13,"column":26}},"8":{"start":{"line":16,"column":62},"end":{"line":16,"column":73}},"9":{"start":{"line":18,"column":37},"end":{"line":24,"column":4}},"10":{"start":{"line":26,"column":2},"end":{"line":26,"column":17}},"11":{"start":{"line":30,"column":32},"end":{"line":30,"column":90}},"12":{"start":{"line":32,"column":2},"end":{"line":32,"column":52}},"13":{"start":{"line":32,"column":30},"end":{"line":32,"column":52}},"14":{"start":{"line":34,"column":25},"end":{"line":34,"column":54}},"15":{"start":{"line":35,"column":18},"end":{"line":35,"column":47}},"16":{"start":{"line":37,"column":2},"end":{"line":40,"column":4}},"17":{"start":{"line":46,"column":2},"end":{"line":46,"column":33}},"18":{"start":{"line":46,"column":21},"end":{"line":46,"column":33}},"19":{"start":{"line":48,"column":2},"end":{"line":48,"column":73}},"20":{"start":{"line":54,"column":21},"end":{"line":54,"column":47}},"21":{"start":{"line":55,"column":18},"end":{"line":55,"column":53}},"22":{"start":{"line":57,"column":2},"end":{"line":61,"column":null}},"23":{"start":{"line":58,"column":4},"end":{"line":58,"column":41}},"24":{"start":{"line":60,"column":4},"end":{"line":60,"column":44}},"25":{"start":{"line":63,"column":24},"end":{"line":63,"column":115}},"26":{"start":{"line":65,"column":2},"end":{"line":65,"column":69}},"27":{"start":{"line":69,"column":2},"end":{"line":72,"column":4}},"28":{"start":{"line":79,"column":27},"end":{"line":83,"column":2}},"29":{"start":{"line":85,"column":0},"end":{"line":85,"column":34}}},"fnMap":{"0":{"name":"getAddressFromCEP","decl":{"start":{"line":9,"column":15},"end":{"line":9,"column":32}},"loc":{"start":{"line":9,"column":44},"end":{"line":27,"column":1}}},"1":{"name":"getOneWithAddressByUserId","decl":{"start":{"line":29,"column":15},"end":{"line":29,"column":40}},"loc":{"start":{"line":29,"column":55},"end":{"line":41,"column":1}}},"2":{"name":"getFirstAddress","decl":{"start":{"line":45,"column":9},"end":{"line":45,"column":24}},"loc":{"start":{"line":45,"column":46},"end":{"line":49,"column":1}}},"3":{"name":"createOrUpdateEnrollmentWithAddress","decl":{"start":{"line":53,"column":15},"end":{"line":53,"column":50}},"loc":{"start":{"line":53,"column":94},"end":{"line":66,"column":1}}},"4":{"name":"getAddressForUpsert","decl":{"start":{"line":68,"column":9},"end":{"line":68,"column":28}},"loc":{"start":{"line":68,"column":57},"end":{"line":73,"column":1}}}},"branchMap":{"0":{"loc":{"start":{"line":12,"column":2},"end":{"line":14,"column":null}},"type":"if","locations":[{"start":{"line":12,"column":2},"end":{"line":14,"column":null}}]},"1":{"loc":{"start":{"line":12,"column":6},"end":{"line":12,"column":38}},"type":"binary-expr","locations":[{"start":{"line":12,"column":6},"end":{"line":12,"column":18}},{"start":{"line":12,"column":22},"end":{"line":12,"column":38}}]},"2":{"loc":{"start":{"line":32,"column":2},"end":{"line":32,"column":52}},"type":"if","locations":[{"start":{"line":32,"column":2},"end":{"line":32,"column":52}}]},"3":{"loc":{"start":{"line":39,"column":8},"end":{"line":39,"column":32}},"type":"binary-expr","locations":[{"start":{"line":39,"column":8},"end":{"line":39,"column":17}},{"start":{"line":39,"column":21},"end":{"line":39,"column":32}}]},"4":{"loc":{"start":{"line":46,"column":2},"end":{"line":46,"column":33}},"type":"if","locations":[{"start":{"line":46,"column":2},"end":{"line":46,"column":33}}]},"5":{"loc":{"start":{"line":71,"column":8},"end":{"line":71,"column":74}},"type":"binary-expr","locations":[{"start":{"line":71,"column":8},"end":{"line":71,"column":30}},{"start":{"line":71,"column":34},"end":{"line":71,"column":74}}]}},"s":{"0":10,"1":10,"2":10,"3":10,"4":10,"5":4,"6":4,"7":1,"8":3,"9":3,"10":3,"11":2,"12":2,"13":1,"14":1,"15":1,"16":1,"17":1,"18":0,"19":1,"20":2,"21":2,"22":2,"23":2,"24":0,"25":2,"26":2,"27":2,"28":10,"29":10},"f":{"0":4,"1":2,"2":1,"3":2,"4":2},"b":{"0":[1],"1":[4,3],"2":[1],"3":[1,1],"4":[0],"5":[2,2]}}
[...]
":21,"column":2},"end":{"line":21,"column":16}},"15":{"start":{"line":25,"column":21},"end":{"line":25,"column":79}},"16":{"start":{"line":26,"column":2},"end":{"line":26,"column":41}},"17":{"start":{"line":26,"column":19},"end":{"line":26,"column":41}},"18":{"start":{"line":28,"column":41},"end":{"line":32,"column":4}},"19":{"start":{"line":34,"column":2},"end":{"line":34,"column":51}},"20":{"start":{"line":36,"column":17},"end":{"line":36,"column":80}},"21":{"start":{"line":38,"column":2},"end":{"line":38,"column":16}},"22":{"start":{"line":41,"column":22},"end":{"line":41,"column":72}},"23":{"start":{"line":43,"column":0},"end":{"line":43,"column":29}}},"fnMap":{"0":{"name":"getTicketType","decl":{"start":{"line":7,"column":15},"end":{"line":7,"column":28}},"loc":{"start":{"line":7,"column":28},"end":{"line":12,"column":1}}},"1":{"name":"getTicketByUserId","decl":{"start":{"line":14,"column":15},"end":{"line":14,"column":32}},"loc":{"start":{"line":14,"column":47},"end":{"line":22,"column":1}}},"2":{"name":"createTicket","decl":{"start":{"line":24,"column":15},"end":{"line":24,"column":27}},"loc":{"start":{"line":24,"column":64},"end":{"line":39,"column":1}}}},"branchMap":{"0":{"loc":{"start":{"line":9,"column":2},"end":{"line":9,"column":42}},"type":"if","locations":[{"start":{"line":9,"column":2},"end":{"line":9,"column":42}}]},"1":{"loc":{"start":{"line":16,"column":2},"end":{"line":16,"column":41}},"type":"if","locations":[{"start":{"line":16,"column":2},"end":{"line":16,"column":41}}]},"2":{"loc":{"start":{"line":19,"column":2},"end":{"line":19,"column":37}},"type":"if","locations":[{"start":{"line":19,"column":2},"end":{"line":19,"column":37}}]},"3":{"loc":{"start":{"line":26,"column":2},"end":{"line":26,"column":41}},"type":"if","locations":[{"start":{"line":26,"column":2},"end":{"line":26,"column":41}}]}},"s":{"0":10,"1":10,"2":10,"3":10,"4":2,"5":2,"6":0,"7":2,"8":3,"9":3,"10":1,"11":2,"12":2,"13":1,"14":1,"15":3,"16":3,"17":1,"18":2,"19":2,"20":2,"21":2,"22":10,"23":10},"f":{"0":2,"1":3,"2":3},"b":{"0":[0],"1":[1],"2":[1],"3":[1]}}
,"/home/rafael/Documentos/Projetos/Driven/drivent-api/src/services/users-service/errors.ts": {"path":"/home/rafael/Documentos/Projetos/Driven/drivent-api/src/services/users-service/errors.ts","statementMap":{"0":{"start":{"line":4,"column":2},"end":{"line":7,"column":4}},"1":{"start":{"line":3,"column":0},"end":{"line":3,"column":16}}},"fnMap":{"0":{"name":"duplicatedEmailError","decl":{"start":{"line":3,"column":16},"end":{"line":3,"column":36}},"loc":{"start":{"line":3,"column":36},"end":{"line":8,"column":1}}}},"branchMap":{},"s":{"0":4,"1":10},"f":{"0":4},"b":{}}
,"/home/rafael/Documentos/Projetos/Driven/drivent-api/src/services/users-service/index.ts": {"path":"/home/rafael/Documentos/Projetos/Driven/drivent-api/src/services/users-service/index.ts","statementMap":{"0":{"start":{"line":2,"column":0},"end":{"line":2,"column":28}},"1":{"start":{"line":3,"column":0},"end":{"line":3,"column":46}},"2":{"start":{"line":4,"column":0},"end":{"line":4,"column":48}},"3":{"start":{"line":5,"column":0},"end":{"line":5,"column":60}},"4":{"start":{"line":6,"column":0},"end":{"line":6,"column":60}},"5":{"start":{"line":9,"column":2},"end":{"line":9,"column":26}},"6":{"start":{"line":11,"column":2},"end":{"line":11,"column":41}},"7":{"start":{"line":13,"column":25},"end":{"line":13,"column":56}},"8":{"start":{"line":14,"column":2},"end":{"line":17,"column":5}},"9":{"start":{"line":8,"column":0},"end":{"line":8,"column":7}},"10":{"start":{"line":21,"column":28},"end":{"line":21,"column":67}},"11":{"start":{"line":22,"column":2},"end":{"line":24,"column":null}},"12":{"start":{"line":23,"column":4},"end":{"line":23,"column":33}},"13":{"start":{"line":28,"column":20},"end":{"line":28,"column":62}},"14":{"start":{"line":29,"column":2},"end":{"line":31,"column":null}},"15":{"start":{"line":30,"column":4},"end":{"line":30,"column":45}},"16":{"start":{"line":36,"column":20},"end":{"line":38,"column":2}},"17":{"start":{"line":40,"column":0},"end":{"line":40,"column":25}},"18":{"start":{"line":41,"column":0},"end":{"line":41,"column":27}}},"fnMap":{"0":{"name":"createUser","decl":{"start":{"line":8,"column":22},"end":{"line":8,"column":32}},"loc":{"start":{"line":8,"column":70},"end":{"line":18,"column":1}}},"1":{"name":"validateUniqueEmailOrFail","decl":{"start":{"line":20,"column":15},"end":{"line":20,"column":40}},"loc":{"start":{"line":20,"column":54},"end":{"line":25,"column":1}}},"2":{"name":"canEnrollOrFail","decl":{"start":{"line":27,"column":15},"end":{"line":27,"column":30}},"loc":{"start":{"line":27,"column":30},"end":{"line":32,"column":1}}}},"branchMap":{"0":{"loc":{"start":{"line":22,"column":2},"end":{"line":24,"column":null}},"type":"if","locations":[{"start":{"line":22,"column":2},"end":{"line":24,"column":null}}]},"1":{"loc":{"start":{"line":29,"column":2},"end":{"line":31,"column":null}},"type":"if","locations":[{"start":{"line":29,"column":2},"end":{"line":31,"column":null}}]}},"s":{"0":10,"1":10,"2":10,"3":10,"4":10,"5":9,"6":7,"7":5,"8":5,"9":10,"10":7,"11":7,"12":2,"13":9,"14":9,"15":2,"16":10,"17":10,"18":10},"f":{"0":9,"1":7,"2":9},"b":{"0":[2],"1":[2]}}
,"/home/rafael/Documentos/Projetos/Driven/drivent-api/src/utils/prisma-utils.ts": {"path":"/home/rafael/Documentos/Projetos/Driven/drivent-api/src/utils/prisma-utils.ts","statementMap":{"0":{"start":{"line":2,"column":20},"end":{"line":2,"column":54}},"1":{"start":{"line":3,"column":2},"end":{"line":5,"column":null}},"2":{"start":{"line":4,"column":4},"end":{"line":4,"column":26}},"3":{"start":{"line":6,"column":2},"end":{"line":6,"column":19}},"4":{"start":{"line":1,"column":0},"end":{"line":1,"column":16}}},"fnMap":{"0":{"name":"exclude","decl":{"start":{"line":1,"column":16},"end":{"line":1,"column":23}},"loc":{"start":{"line":1,"column":73},"end":{"line":7,"column":1}}}},"branchMap":{},"s":{"0":12,"1":12,"2":18,"3":12,"4":10},"f":{"0":12},"b":{}}
,"/home/rafael/Documentos/Projetos/Driven/drivent-api/src/utils/request.ts": {"path":"/home/rafael/Documentos/Projetos/Driven/drivent-api/src/utils/request.ts","statementMap":{"0":{"start":{"line":1,"column":0},"end":{"line":1,"column":26}},"1":{"start":{"line":2,"column":0},"end":{"line":2,"column":40}},"2":{"start":{"line":5,"column":2},"end":{"line":12,"column":null}},"3":{"start":{"line":6,"column":19},"end":{"line":6,"column":39}},"4":{"start":{"line":7,"column":4},"end":{"line":7,"column":18}},"5":{"start":{"line":9,"column":35},"end":{"line":9,"column":49}},"6":{"start":{"line":11,"column":4},"end":{"line":11,"column":44}},"7":{"start":{"line":15,"column":13},"end":{"line":17,"column":2}}},"fnMap":{"0":{"name":"get","decl":{"start":{"line":4,"column":15},"end":{"line":4,"column":18}},"loc":{"start":{"line":4,"column":30},"end":{"line":13,"column":1}}}},"branchMap":{},"s":{"0":10,"1":10,"2":4,"3":4,"4":3,"5":1,"6":1,"7":10},"f":{"0":4},"b":{}}
,"/home/rafael/Documentos/Projetos/Driven/drivent-api/tests/helpers.ts": {"path":"/home/rafael/Documentos/Projetos/Driven/drivent-api/tests/helpers.ts","statementMap":{"0":{"start":{"line":1,"column":0},"end":{"line":1,"column":36}},"1":{"start":{"line":4,"column":0},"end":{"line":4,"column":41}},"2":{"start":{"line":5,"column":0},"end":{"line":5,"column":61}},"3":{"start":{"line":6,"column":0},"end":{"line":6,"column":34}},"4":{"start":{"line":9,"column":2},"end":{"line":9,"column":38}},"5":{"start":{"line":10,"column":2},"end":{"line":10,"column":38}},"6":{"start":{"line":11,"column":2},"end":{"line":11,"column":37}},"7":{"start":{"line":12,"column":2},"end":{"line":12,"column":41}},"8":{"start":{"line":13,"column":2},"end":{"line":13,"column":36}},"9":{"start":{"line":14,"column":2},"end":{"line":14,"column":38}},"10":{"start":{"line":15,"column":2},"end":{"line":15,"column":38}},"11":{"start":{"line":16,"column":2},"end":{"line":16,"column":35}},"12":{"start":{"line":17,"column":2},"end":{"line":17,"column":41}},"13":{"start":{"line":18,"column":2},"end":{"line":18,"column":35}},"14":{"start":{"line":19,"column":2},"end":{"line":19,"column":36}},"15":{"start":{"line":20,"column":2},"end":{"line":20,"column":38}},"16":{"start":{"line":8,"column":0},"end":{"line":8,"column":7}},"17":{"start":{"line":24,"column":23},"end":{"line":24,"column":51}},"18":{"start":{"line":25,"column":16},"end":{"line":25,"column":77}},"19":{"start":{"line":27,"column":2},"end":{"line":27,"column":29}},"20":{"start":{"line":29,"column":2},"end":{"line":29,"column":15}},"21":{"start":{"line":23,"column":0},"end":{"line":23,"column":7}}},"fnMap":{"0":{"name":"cleanDb","decl":{"start":{"line":8,"column":22},"end":{"line":8,"column":29}},"loc":{"start":{"line":8,"column":29},"end":{"line":21,"column":1}}},"1":{"name":"generateValidToken","decl":{"start":{"line":23,"column":22},"end":{"line":23,"column":40}},"loc":{"start":{"line":23,"column":52},"end":{"line":30,"column":1}}}},"branchMap":{"0":{"loc":{"start":{"line":24,"column":23},"end":{"line":24,"column":51}},"type":"binary-expr","locations":[{"start":{"line":24,"column":23},"end":{"line":24,"column":27}},{"start":{"line":24,"column":32},"end":{"line":24,"column":50}}]}},"s":{"0":9,"1":9,"2":9,"3":9,"4":56,"5":56,"6":56,"7":56,"8":56,"9":56,"10":56,"11":56,"12":56,"13":56,"14":56,"15":56,"16":9,"17":36,"18":36,"19":36,"20":36,"21":9},"f":{"0":56,"1":36},"b":{"0":[36,9]}}
,"/home/rafael/Documentos/Projetos/Driven/drivent-api/tests/factories/enrollments-factory.ts": {"path":"/home/rafael/Documentos/Projetos/Driven/drivent-api/tests/factories/enrollments-factory.ts","statementMap":{"0":{"start":{"line":1,"column":0},"end":{"line":1,"column":36}},"1":{"start":{"line":2,"column":0},"end":{"line":2,"column":74}},"2":{"start":{"line":5,"column":0},"end":{"line":5,"column":45}},"3":{"start":{"line":6,"column":0},"end":{"line":6,"column":34}},"4":{"start":{"line":9,"column":23},"end":{"line":9,"column":51}},"5":{"start":{"line":11,"column":2},"end":{"line":32,"column":5}},"6":{"start":{"line":8,"column":0},"end":{"line":8,"column":7}},"7":{"start":{"line":36,"column":2},"end":{"line":42,"column":4}},"8":{"start":{"line":35,"column":0},"end":{"line":35,"column":16}}},"fnMap":{"0":{"name":"createEnrollmentWithAddress","decl":{"start":{"line":8,"column":22},"end":{"line":8,"column":49}},"loc":{"start":{"line":8,"column":61},"end":{"line":33,"column":1}}},"1":{"name":"createhAddressWithCEP","decl":{"start":{"line":35,"column":16},"end":{"line":35,"column":37}},"loc":{"start":{"line":35,"column":37},"end":{"line":43,"column":1}}}},"branchMap":{"0":{"loc":{"start":{"line":9,"column":23},"end":{"line":9,"column":51}},"type":"binary-expr","locations":[{"start":{"line":9,"column":23},"end":{"line":9,"column":27}},{"start":{"line":9,"column":32},"end":{"line":9,"column":50}}]}},"s":{"0":9,"1":9,"2":9,"3":9,"4":26,"5":26,"6":9,"7":1,"8":9},"f":{"0":26,"1":1},"b":{"0":[26,0]}}
,"/home/rafael/Documentos/Projetos/Driven/drivent-api/tests/factories/events-factory.ts": {"path":"/home/rafael/Documentos/Projetos/Driven/drivent-api/tests/factories/events-factory.ts","statementMap":{"0":{"start":{"line":1,"column":0},"end":{"line":1,"column":26}},"1":{"start":{"line":2,"column":0},"end":{"line":2,"column":36}},"2":{"start":{"line":4,"column":0},"end":{"line":4,"column":34}},"3":{"start":{"line":7,"column":2},"end":{"line":15,"column":5}},"4":{"start":{"line":6,"column":0},"end":{"line":6,"column":16}}},"fnMap":{"0":{"name":"createEvent","decl":{"start":{"line":6,"column":16},"end":{"line":6,"column":27}},"loc":{"start":{"line":6,"column":55},"end":{"line":16,"column":1}}}},"branchMap":{"0":{"loc":{"start":{"line":6,"column":28},"end":{"line":6,"column":55}},"type":"default-arg","locations":[{"start":{"line":6,"column":53},"end":{"line":6,"column":55}}]},"1":{"loc":{"start":{"line":9,"column":13},"end":{"line":9,"column":51}},"type":"binary-expr","locations":[{"start":{"line":9,"column":13},"end":{"line":9,"column":25}},{"start":{"line":9,"column":29},"end":{"line":9,"column":51}}]},"2":{"loc":{"start":{"line":10,"column":26},"end":{"line":10,"column":77}},"type":"binary-expr","locations":[{"start":{"line":10,"column":26},"end":{"line":10,"column":51}},{"start":{"line":10,"column":55},"end":{"line":10,"column":77}}]},"3":{"loc":{"start":{"line":11,"column":20},"end":{"line":11,"column":65}},"type":"binary-expr","locations":[{"start":{"line":11,"column":20},"end":{"line":11,"column":39}},{"start":{"line":11,"column":43},"end":{"line":11,"column":65}}]},"4":{"loc":{"start":{"line":12,"column":16},"end":{"line":12,"column":70}},"type":"binary-expr","locations":[{"start":{"line":12,"column":16},"end":{"line":12,"column":31}},{"start":{"line":12,"column":35},"end":{"line":12,"column":70}}]},"5":{"loc":{"start":{"line":13,"column":14},"end":{"line":13,"column":62}},"type":"binary-expr","locations":[{"start":{"line":13,"column":14},"end":{"line":13,"column":27}},{"start":{"line":13,"column":31},"end":{"line":13,"column":62}}]}},"s":{"0":9,"1":9,"2":9,"3":4,"4":9},"f":{"0":4},"b":{"0":[3],"1":[4,4],"2":[4,4],"3":[4,4],"4":[4,3],"5":[4,4]}}
,"/home/rafael/Documentos/Projetos/Driven/drivent-api/tests/factories/hotels-factory.ts": {"path":"/home/rafael/Documentos/Projetos/Driven/drivent-api/tests/factories/hotels-factory.ts","statementMap":{"0":{"start":{"line":1,"column":0},"end":{"line":1,"column":36}},"1":{"start":{"line":2,"column":0},"end":{"line":2,"column":34}},"2":{"start":{"line":6,"column":2},"end":{"line":11,"column":5}},"3":{"start":{"line":5,"column":0},"end":{"line":5,"column":7}},"4":{"start":{"line":15,"column":2},"end":{"line":21,"column":5}},"5":{"start":{"line":14,"column":0},"end":{"line":14,"column":7}}},"fnMap":{"0":{"name":"createHotel","decl":{"start":{"line":5,"column":22},"end":{"line":5,"column":33}},"loc":{"start":{"line":5,"column":33},"end":{"line":12,"column":1}}},"1":{"name":"createRoomWithHotelId","decl":{"start":{"line":14,"column":22},"end":{"line":14,"column":43}},"loc":{"start":{"line":14,"column":59},"end":{"line":22,"column":1}}}},"branchMap":{},"s":{"0":9,"1":9,"2":4,"3":9,"4":1,"5":9},"f":{"0":4,"1":1},"b":{}}
,"/home/rafael/Documentos/Projetos/Driven/drivent-api/tests/factories/index.ts": {"path":"/home/rafael/Documentos/Projetos/Driven/drivent-api/tests/factories/index.ts","statementMap":{"0":{"start":{"line":1,"column":0},"end":{"line":1,"column":32}},"1":{"start":{"line":2,"column":0},"end":{"line":2,"column":33}},"2":{"start":{"line":3,"column":0},"end":{"line":3,"column":35}},"3":{"start":{"line":4,"column":0},"end":{"line":4,"column":38}},"4":{"start":{"line":5,"column":0},"end":{"line":5,"column":34}},"5":{"start":{"line":6,"column":0},"end":{"line":6,"column":35}},"6":{"start":{"line":7,"column":0},"end":{"line":7,"column":33}}},"fnMap":{},"branchMap":{},"s":{"0":9,"1":9,"2":9,"3":9,"4":9,"5":9,"6":9},"f":{},"b":{}}
,"/home/rafael/Documentos/Projetos/Driven/drivent-api/tests/factories/payments-factory.ts": {"path":"/home/rafael/Documentos/Projetos/Driven/drivent-api/tests/factories/payments-factory.ts","statementMap":{"0":{"start":{"line":1,"column":0},"end":{"line":1,"column":36}},"1":{"start":{"line":2,"column":0},"end":{"line":2,"column":34}},"2":{"start":{"line":5,"column":2},"end":{"line":12,"column":5}},"3":{"start":{"line":4,"column":0},"end":{"line":4,"column":7}},"4":{"start":{"line":16,"column":21},"end":{"line":16,"column":40}},"5":{"start":{"line":18,"column":2},"end":{"line":24,"column":4}},"6":{"start":{"line":15,"column":0},"end":{"line":15,"column":16}}},"fnMap":{"0":{"name":"createPayment","decl":{"start":{"line":4,"column":22},"end":{"line":4,"column":35}},"loc":{"start":{"line":4,"column":67},"end":{"line":13,"column":1}}},"1":{"name":"generateCreditCardData","decl":{"start":{"line":15,"column":16},"end":{"line":15,"column":38}},"loc":{"start":{"line":15,"column":38},"end":{"line":25,"column":1}}}},"branchMap":{},"s":{"0":9,"1":9,"2":8,"3":9,"4":6,"5":6,"6":9},"f":{"0":8,"1":6},"b":{}}
,"/home/rafael/Documentos/Projetos/Driven/drivent-api/tests/factories/sessions-factory.ts": {"path":"/home/rafael/Documentos/Projetos/Driven/drivent-api/tests/factories/sessions-factory.ts","statementMap":{"0":{"start":{"line":2,"column":0},"end":{"line":2,"column":45}},"1":{"start":{"line":3,"column":0},"end":{"line":3,"column":34}},"2":{"start":{"line":6,"column":15},"end":{"line":6,"column":33}},"3":{"start":{"line":8,"column":2},"end":{"line":13,"column":5}},"4":{"start":{"line":5,"column":0},"end":{"line":5,"column":7}}},"fnMap":{"0":{"name":"createSession","decl":{"start":{"line":5,"column":22},"end":{"line":5,"column":35}},"loc":{"start":{"line":5,"column":49},"end":{"line":14,"column":1}}}},"branchMap":{},"s":{"0":9,"1":9,"2":36,"3":36,"4":9},"f":{"0":36},"b":{}}
,"/home/rafael/Documentos/Projetos/Driven/drivent-api/tests/factories/tickets-factory.ts": {"path":"/home/rafael/Documentos/Projetos/Driven/drivent-api/tests/factories/tickets-factory.ts","statementMap":{"0":{"start":{"line":1,"column":0},"end":{"line":1,"column":36}},"1":{"start":{"line":3,"column":0},"end":{"line":3,"column":34}},"2":{"start":{"line":6,"column":2},"end":{"line":13,"column":5}},"3":{"start":{"line":5,"column":0},"end":{"line":5,"column":7}},"4":{"start":{"line":17,"column":2},"end":{"line":23,"column":5}},"5":{"start":{"line":16,"column":0},"end":{"line":16,"column":7}},"6":{"start":{"line":27,"column":2},"end":{"line":34,"column":5}},"7":{"start":{"line":26,"column":0},"end":{"line":26,"column":7}},"8":{"start":{"line":38,"column":2},"end":{"line":45,"column":5}},"9":{"start":{"line":37,"column":0},"end":{"line":37,"column":7}}},"fnMap":{"0":{"name":"createTicketType","decl":{"start":{"line":5,"column":22},"end":{"line":5,"column":38}},"loc":{"start":{"line":5,"column":38},"end":{"line":14,"column":1}}},"1":{"name":"createTicket","decl":{"start":{"line":16,"column":22},"end":{"line":16,"column":34}},"loc":{"start":{"line":16,"column":99},"end":{"line":24,"column":1}}},"2":{"name":"createTicketTypeRemote","decl":{"start":{"line":26,"column":22},"end":{"line":26,"column":44}},"loc":{"start":{"line":26,"column":44},"end":{"line":35,"column":1}}},"3":{"name":"createTicketTypeWithHotel","decl":{"start":{"line":37,"column":22},"end":{"line":37,"column":47}},"loc":{"start":{"line":37,"column":47},"end":{"line":46,"column":1}}}},"branchMap":{},"s":{"0":9,"1":9,"2":14,"3":9,"4":16,"5":9,"6":3,"7":9,"8":5,"9":9},"f":{"0":14,"1":16,"2":3,"3":5},"b":{}}
,"/home/rafael/Documentos/Projetos/Driven/drivent-api/tests/factories/users-factory.ts": {"path":"/home/rafael/Documentos/Projetos/Driven/drivent-api/tests/factories/users-factory.ts","statementMap":{"0":{"start":{"line":1,"column":0},"end":{"line":1,"column":28}},"1":{"start":{"line":2,"column":0},"end":{"line":2,"column":36}},"2":{"start":{"line":4,"column":0},"end":{"line":4,"column":34}},"3":{"start":{"line":7,"column":27},"end":{"line":7,"column":72}},"4":{"start":{"line":8,"column":25},"end":{"line":8,"column":64}},"5":{"start":{"line":10,"column":2},"end":{"line":16,"column":5}},"6":{"start":{"line":6,"column":0},"end":{"line":6,"column":7}}},"fnMap":{"0":{"name":"createUser","decl":{"start":{"line":6,"column":22},"end":{"line":6,"column":32}},"loc":{"start":{"line":6,"column":59},"end":{"line":17,"column":1}}}},"branchMap":{"0":{"loc":{"start":{"line":6,"column":33},"end":{"line":6,"column":59}},"type":"default-arg","locations":[{"start":{"line":6,"column":57},"end":{"line":6,"column":59}}]},"1":{"loc":{"start":{"line":7,"column":27},"end":{"line":7,"column":72}},"type":"binary-expr","locations":[{"start":{"line":7,"column":27},"end":{"line":7,"column":42}},{"start":{"line":7,"column":46},"end":{"line":7,"column":72}}]},"2":{"loc":{"start":{"line":12,"column":13},"end":{"line":12,"column":51}},"type":"binary-expr","locations":[{"start":{"line":12,"column":13},"end":{"line":12,"column":25}},{"start":{"line":12,"column":29},"end":{"line":12,"column":51}}]}},"s":{"0":9,"1":9,"2":9,"3":92,"4":92,"5":92,"6":9},"f":{"0":92},"b":{"0":[84],"1":[92,84],"2":[92,84]}}
}
